    0   1   2   3   4  
                        
0   O - O - O - O - O   
    | \ | / | \ | / |   
1   O - O - O - O - O   
    | / | \ | / | \ |   
2   O - O -   - X - X   
    | \ | / | \ | / |   
3   X - X - X - X - X   
    | / | \ | / | \ |   
4   X - X - X - X - X   
                        
    0   1   2   3   4  
                        
0   O - O - O - O - O   
    | \ | / | \ | / |   
1   O - O - O -   - O   
    | / | \ | / | \ |   
2   O - O - O - X - X   
    | \ | / | \ | / |   
3   X - X - X - X - X   
    | / | \ | / | \ |   
4   X - X - X - X - X   
                        
[3, 1, 1, 3]
[2, 3, 1, 3]
[2, 4, 1, 3]
    0   1   2   3   4  
                        
0   O - O - O - O - O   
    | \ | / | \ | / |   
1   O - O - O - X - O   
    | / | \ | / | \ |   
2   O - O -   - X - X   
    | \ | / | \ | / |   
3   X -   - X - X - X   
    | / | \ | / | \ |   
4   X - X - X - X - X   
                        
    0   1   2   3   4  
                        
0   O - O - O - O -     
    | \ | / | \ | / |   
1   O - O - O -   - O   
    | / | \ | / | \ |   
2   O - O - O - X - X   
    | \ | / | \ | / |   
3   X -   - X - X - X   
    | / | \ | / | \ |   
4   X - X - X - X - X   
                        
[3, 0, 3, 1]
[4, 0, 3, 1]
[4, 1, 3, 1]
[3, 2, 3, 1]
[4, 2, 3, 1]
[2, 3, 1, 3]
[2, 4, 1, 3]
[2, 4, 0, 4]
    0   1   2   3   4  
                        
0   O - O - O - O - X   
    | \ | / | \ | / |   
1   O - O - O -   -     
    | / | \ | / | \ |   
2   O - O - O - X -     
    | \ | / | \ | / |   
3   X -   - X - X - X   
    | / | \ | / | \ |   
4   X - X - X - X - X   
                        
    0   1   2   3   4  
                        
0   O - O - O -   - X   
    | \ | / | \ | / |   
1   O - O - O - O -     
    | / | \ | / | \ |   
2   O - O - O - X -     
    | \ | / | \ | / |   
3   X -   - X - X - X   
    | / | \ | / | \ |   
4   X - X - X - X - X   
                        
[3, 0, 3, 1]
[4, 0, 3, 1]
[4, 1, 3, 1]
[3, 2, 3, 1]
[4, 2, 3, 1]
[2, 3, 0, 3]
[0, 4, 0, 3]
[0, 4, 1, 4]
[2, 3, 2, 4]
[3, 3, 2, 4]
[3, 4, 2, 4]
    0   1   2   3   4  
                        
0   O - O - O - X - X   
    | \ | / | \ | / |   
1   O - O - O -   -     
    | / | \ | / | \ |   
2   O - O - O -   -     
    | \ | / | \ | / |   
3   X -   - X - X - X   
    | / | \ | / | \ |   
4   X - X - X - X - X   
                        
    0   1   2   3   4  
                        
0   O - O - O - X - X   
    | \ | / | \ | / |   
1   O - O - O - O -     
    | / | \ | / | \ |   
2   O - O -   -   -     
    | \ | / | \ | / |   
3   X -   - X - X - X   
    | / | \ | / | \ |   
4   X - X - X - X - X   
                        
[3, 0, 3, 1]
[4, 0, 3, 1]
[4, 1, 3, 1]
[3, 2, 3, 1]
[4, 2, 3, 1]
[3, 2, 2, 2]
[3, 3, 2, 2]
[0, 4, 2, 2]
[0, 3, 2, 3]
[3, 3, 2, 3]
[0, 4, 1, 4]
[3, 3, 2, 4]
[3, 4, 2, 4]
    0   1   2   3   4  
                        
0   O - O - O -   - X   
    | \ | / | \ | / |   
1   O - O - O -   -     
    | / | \ | / | \ |   
2   O - O -   - X -     
    | \ | / | \ | / |   
3   X -   - X - X - X   
    | / | \ | / | \ |   
4   X - X - X - X - X   
                        
    0   1   2   3   4  
                        
0   O - O - O -   - X   
    | \ | / | \ | / |   
1   O - O - O -   -     
    | / | \ | / | \ |   
2   O -   - O - X -     
    | \ | / | \ | / |   
3   X -   - X - X - X   
    | / | \ | / | \ |   
4   X - X - X - X - X   
                        
[2, 3, 2, 1]
[3, 0, 3, 1]
[4, 0, 3, 1]
[4, 1, 3, 1]
[3, 2, 3, 1]
[4, 2, 3, 1]
[0, 4, 0, 3]
[2, 3, 1, 3]
[0, 4, 1, 3]
[0, 4, 1, 4]
[2, 3, 2, 4]
[3, 3, 2, 4]
[3, 4, 2, 4]
    0   1   2   3   4  
                        
0   O - O - O -   - X   
    | \ | / | \ | / |   
1   O - O - O -   -     
    | / | \ | / | \ |   
2   O - X -   -   -     
    | \ | / | \ | / |   
3   X -   - X - X - X   
    | / | \ | / | \ |   
4   X - X - X - X - X   
                        
    0   1   2   3   4  
                        
0   O - O - O -   - X   
    | \ | / | \ | / |   
1   O - O - O -   -     
    | / | \ | / | \ |   
2     -   - O -   -     
    | \ | / | \ | / |   
3   X -   - X - X - X   
    | / | \ | / | \ |   
4   X - X - X - X - X   
                        
[3, 0, 2, 0]
[3, 0, 3, 1]
[4, 0, 3, 1]
[4, 1, 3, 1]
[3, 2, 3, 1]
[4, 2, 3, 1]
[0, 4, 0, 3]
[0, 4, 1, 3]
[3, 3, 2, 3]
[0, 4, 1, 4]
[3, 3, 2, 4]
[3, 4, 2, 4]
    0   1   2   3   4  
                        
0   O - O - O -   - X   
    | \ | / | \ | / |   
1   O - O - O -   -     
    | / | \ | / | \ |   
2     -   - O -   -     
    | \ | / | \ | / |   
3   X - X -   - X - X   
    | / | \ | / | \ |   
4   X - X - X - X - X   
                        
    0   1   2   3   4  
                        
0   O - O - O -   - X   
    | \ | / | \ | / |   
1   O - O - O -   -     
    | / | \ | / | \ |   
2     - O -   -   -     
    | \ | / | \ | / |   
3   X - X -   - X - X   
    | / | \ | / | \ |   
4   X - X - X - X - X   
                        
[3, 0, 2, 0]
[3, 1, 2, 0]
[3, 1, 2, 2]
[3, 3, 2, 2]
[3, 1, 3, 2]
[4, 2, 3, 2]
[3, 3, 3, 2]
[0, 4, 0, 3]
[0, 4, 1, 3]
[3, 3, 2, 3]
[0, 4, 1, 4]
[3, 3, 2, 4]
[3, 4, 2, 4]
    0   1   2   3   4  
                        
0   O - O - O -   - X   
    | \ | / | \ | / |   
1   O - O - O -   -     
    | / | \ | / | \ |   
2   X - O -   -   -     
    | \ | / | \ | / |   
3   X -   -   - X - X   
    | / | \ | / | \ |   
4   X - X - X - X - X   
                        
    0   1   2   3   4  
                        
0   O - O - O -   - X   
    | \ | / | \ | / |   
1   O - O - O -   -     
    | / | \ | / | \ |   
2   X -   - O -   -     
    | \ | / | \ | / |   
3   X -   -   - X - X   
    | / | \ | / | \ |   
4   X - X - X - X - X   
                        
[2, 0, 2, 1]
[2, 0, 3, 1]
[3, 0, 3, 1]
[4, 0, 3, 1]
[4, 1, 3, 1]
[4, 2, 3, 1]
[4, 2, 3, 2]
[3, 3, 3, 2]
[0, 4, 0, 3]
[0, 4, 1, 3]
[3, 3, 2, 3]
[0, 4, 1, 4]
[3, 3, 2, 4]
[3, 4, 2, 4]
    0   1   2   3   4  
                        
0   O - O - O -   - X   
    | \ | / | \ | / |   
1   O - O - O -   -     
    | / | \ | / | \ |   
2   X -   - O -   - X   
    | \ | / | \ | / |   
3   X -   -   -   - X   
    | / | \ | / | \ |   
4   X - X - X - X - X   
                        
    0   1   2   3   4  
                        
0   O - O - O -   - X   
    | \ | / | \ | / |   
1   O - O - O -   -     
    | / | \ | / | \ |   
2   X -   -   - O - X   
    | \ | / | \ | / |   
3   X -   -   -   - X   
    | / | \ | / | \ |   
4   X - X - X - X - X   
                        
[2, 0, 2, 1]
[2, 0, 3, 1]
[3, 0, 3, 1]
[4, 0, 3, 1]
[4, 1, 3, 1]
[4, 2, 3, 1]
[2, 4, 2, 2]
[4, 2, 3, 2]
[0, 4, 0, 3]
[0, 4, 1, 3]
[2, 4, 1, 3]
[4, 2, 3, 3]
[4, 3, 3, 3]
[2, 4, 3, 3]
[3, 4, 3, 3]
[4, 4, 3, 3]
[0, 4, 1, 4]
[2, 4, 1, 4]
    0   1   2   3   4  
                        
0   O - O - O -   - X   
    | \ | / | \ | / |   
1   O - O - O -   -     
    | / | \ | / | \ |   
2   X -   - X -   -     
    | \ | / | \ | / |   
3   X -   -   -   - X   
    | / | \ | / | \ |   
4   X - X - X - X - X   
                        
    0   1   2   3   4  
                        
0   O - O - O -   - X   
    | \ | / | \ | / |   
1   O - O -   -   -     
    | / | \ | / | \ |   
2   X -   -   -   -     
    | \ | / | \ | / |   
3   X -   - O -   - X   
    | / | \ | / | \ |   
4   X - X - X - X - X   
                        
[2, 0, 2, 1]
[2, 0, 3, 1]
[3, 0, 3, 1]
[4, 0, 3, 1]
[4, 1, 3, 1]
[4, 2, 3, 1]
[4, 2, 2, 2]
[0, 4, 0, 3]
[0, 4, 1, 3]
[4, 2, 3, 3]
[4, 3, 3, 3]
[3, 4, 3, 3]
[4, 4, 3, 3]
[0, 4, 1, 4]
[3, 4, 2, 4]
    0   1   2   3   4  
                        
0   O - O - O -   - X   
    | \ | / | \ | / |   
1   O - O -   -   -     
    | / | \ | / | \ |   
2   X -   -   -   -     
    | \ | / | \ | / |   
3   X - X - O -   - X   
    | / | \ | / | \ |   
4   X - X -   - X - X   
                        
    0   1   2   3   4  
                        
0   O - O -   - O - X   
    | \ | / | \ | / |   
1   O - O -   -   -     
    | / | \ | / | \ |   
2   X -   -   -   -     
    | \ | / | \ | / |   
3   X - X - O -   - X   
    | / | \ | / | \ |   
4   X - X -   - X - X   
                        
[2, 0, 2, 1]
[3, 1, 2, 1]
[2, 0, 0, 2]
[0, 4, 0, 2]
[3, 1, 2, 2]
[3, 1, 4, 2]
[4, 1, 4, 2]
[4, 3, 4, 2]
[0, 4, 1, 3]
[3, 1, 3, 3]
[4, 3, 3, 3]
[3, 4, 3, 3]
[4, 4, 3, 3]
[0, 4, 1, 4]
[3, 4, 2, 4]
    0   1   2   3   4  
                        
0   O - O -   - O - X   
    | \ | / | \ | / |   
1   O - O -   -   -     
    | / | \ | / | \ |   
2   X -   -   -   -     
    | \ | / | \ | / |   
3   X - X - O -   - X   
    | / | \ | / | \ |   
4   X -   - X - X - X   
                        
    0   1   2   3   4  
                        
0   O - O -   - O - X   
    | \ | / | \ | / |   
1   O - O -   -   -     
    | / | \ | / | \ |   
2   X -   - O -   -     
    | \ | / | \ | / |   
3   X - X -   -   - X   
    | / | \ | / | \ |   
4   X -   - X - X - X   
                        
[2, 0, 2, 1]
[3, 1, 2, 1]
[4, 0, 4, 1]
[3, 1, 4, 1]
[4, 2, 4, 1]
[2, 0, 0, 2]
[0, 4, 0, 2]
[3, 1, 3, 2]
[4, 2, 3, 2]
[3, 1, 1, 3]
[0, 4, 1, 3]
[4, 2, 3, 3]
[4, 3, 3, 3]
[3, 4, 3, 3]
[4, 4, 3, 3]
[0, 4, 1, 4]
[3, 4, 2, 4]
    0   1   2   3   4  
                        
0   O - O -   - O -     
    | \ | / | \ | / |   
1   O - O -   -   - X   
    | / | \ | / | \ |   
2   X -   - O -   -     
    | \ | / | \ | / |   
3   X - X -   -   - X   
    | / | \ | / | \ |   
4   X -   - X - X - X   
                        
    0   1   2   3   4  
                        
0   O - O -   - O -     
    | \ | / | \ | / |   
1   O - O -   -   - X   
    | / | \ | / | \ |   
2   X -   -   -   -     
    | \ | / | \ | / |   
3   X - X - O -   - X   
    | / | \ | / | \ |   
4   X -   - X - X - X   
                        
[2, 0, 2, 1]
[3, 1, 2, 1]
[4, 0, 4, 1]
[3, 1, 4, 1]
[4, 2, 4, 1]
[2, 0, 0, 2]
[3, 1, 2, 2]
[4, 2, 2, 2]
[1, 4, 1, 3]
[3, 1, 3, 3]
[4, 2, 3, 3]
[4, 3, 3, 3]
[3, 4, 3, 3]
[4, 4, 3, 3]
[1, 4, 0, 4]
[1, 4, 2, 4]
[3, 4, 2, 4]
    0   1   2   3   4  
                        
0   O - O -   - O -     
    | \ | / | \ | / |   
1   O - O -   -   - X   
    | / | \ | / | \ |   
2   X -   -   -   -     
    | \ | / | \ | / |   
3   X -   -   - X - X   
    | / | \ | / | \ |   
4   X -   - X - X - X   
                        
    0   1   2   3   4  
                        
0   O -   - O - O -     
    | \ | / | \ | / |   
1   O - O -   -   - X   
    | / | \ | / | \ |   
2   X -   -   -   -     
    | \ | / | \ | / |   
3   X -   -   - X - X   
    | / | \ | / | \ |   
4   X -   - X - X - X   
                        
[2, 0, 2, 1]
[2, 0, 3, 1]
[3, 0, 3, 1]
[4, 0, 3, 1]
[4, 2, 3, 1]
[4, 0, 4, 1]
[4, 2, 4, 1]
[3, 3, 2, 2]
[4, 2, 3, 2]
[3, 3, 3, 2]
[1, 4, 1, 3]
[3, 3, 2, 3]
[1, 4, 0, 4]
[3, 3, 2, 4]
[1, 4, 2, 4]
[3, 4, 2, 4]
    0   1   2   3   4  
                        
0   O -   - O - O -     
    | \ | / | \ | / |   
1   O - O -   -   - X   
    | / | \ | / | \ |   
2   X -   -   -   -     
    | \ | / | \ | / |   
3   X -   -   - X - X   
    | / | \ | / | \ |   
4   X - X -   - X - X   
                        
    0   1   2   3   4  
                        
0   O - O - O - O -     
    | \ | / | \ | / |   
1   O -   -   -   - X   
    | / | \ | / | \ |   
2   X -   -   -   -     
    | \ | / | \ | / |   
3   X -   -   - X - X   
    | / | \ | / | \ |   
4   X - X -   - X - X   
                        
[2, 0, 1, 1]
[2, 0, 2, 1]
[2, 0, 3, 1]
[3, 0, 3, 1]
[4, 0, 3, 1]
[4, 1, 3, 1]
[3, 3, 2, 2]
[3, 3, 3, 2]
[4, 1, 4, 2]
[3, 3, 4, 2]
[4, 3, 4, 2]
[1, 4, 1, 3]
[3, 3, 2, 3]
[1, 4, 0, 4]
[3, 3, 2, 4]
[1, 4, 2, 4]
[3, 4, 2, 4]
    0   1   2   3   4  
                        
0   O - O - O - O - X   
    | \ | / | \ | / |   
1   O -   -   -   -     
    | / | \ | / | \ |   
2   X -   -   -   -     
    | \ | / | \ | / |   
3   X -   -   - X - X   
    | / | \ | / | \ |   
4   X - X -   - X - X   
                        
    0   1   2   3   4  
                        
0   O -   - O - O - X   
    | \ | / | \ | / |   
1   O - O -   -   -     
    | / | \ | / | \ |   
2   X -   -   -   -     
    | \ | / | \ | / |   
3   X -   -   - X - X   
    | / | \ | / | \ |   
4   X - X -   - X - X   
                        
[2, 0, 2, 1]
[2, 0, 3, 1]
[3, 0, 3, 1]
[4, 0, 3, 1]
[4, 1, 3, 1]
[3, 3, 2, 2]
[3, 3, 3, 2]
[4, 1, 4, 2]
[3, 3, 4, 2]
[4, 3, 4, 2]
[0, 4, 1, 3]
[3, 3, 2, 3]
[0, 4, 1, 4]
[3, 3, 2, 4]
[3, 4, 2, 4]
    0   1   2   3   4  
                        
0   O -   - O - O - X   
    | \ | / | \ | / |   
1   O - O -   -   -     
    | / | \ | / | \ |   
2     -   -   -   -     
    | \ | / | \ | / |   
3   X - X -   - X - X   
    | / | \ | / | \ |   
4   X - X -   - X - X   
                        
    0   1   2   3   4  
                        
0   O - O - O - O - X   
    | \ | / | \ | / |   
1   O -   -   -   -     
    | / | \ | / | \ |   
2     -   -   -   -     
    | \ | / | \ | / |   
3   X - X -   - X - X   
    | / | \ | / | \ |   
4   X - X -   - X - X   
                        
[3, 0, 2, 0]
[3, 1, 2, 0]
[3, 1, 2, 1]
[3, 1, 2, 2]
[3, 3, 2, 2]
[3, 1, 3, 2]
[3, 3, 3, 2]
[3, 1, 4, 2]
[4, 1, 4, 2]
[3, 3, 4, 2]
[4, 3, 4, 2]
[0, 4, 1, 3]
[3, 3, 2, 3]
[0, 4, 1, 4]
[3, 3, 2, 4]
[3, 4, 2, 4]
    0   1   2   3   4  
                        
0   O - O - O - O - X   
    | \ | / | \ | / |   
1   O -   -   -   -     
    | / | \ | / | \ |   
2     -   -   -   - X   
    | \ | / | \ | / |   
3   X - X -   -   - X   
    | / | \ | / | \ |   
4   X - X -   - X - X   
                        
    0   1   2   3   4  
                        
0   O - O -   - O - X   
    | \ | / | \ | / |   
1   O - O -   -   -     
    | / | \ | / | \ |   
2     -   -   -   - X   
    | \ | / | \ | / |   
3   X - X -   -   - X   
    | / | \ | / | \ |   
4   X - X -   - X - X   
                        
[3, 0, 2, 0]
[3, 1, 2, 0]
[3, 1, 2, 1]
[0, 4, 0, 2]
[3, 1, 2, 2]
[3, 1, 3, 2]
[3, 1, 4, 2]
[4, 1, 4, 2]
[4, 3, 4, 2]
[0, 4, 1, 3]
[2, 4, 1, 3]
[2, 4, 2, 3]
[4, 3, 3, 3]
[2, 4, 3, 3]
[3, 4, 3, 3]
[4, 4, 3, 3]
[0, 4, 1, 4]
[2, 4, 1, 4]
    0   1   2   3   4  
                        
0   O - O -   - O - X   
    | \ | / | \ | / |   
1   O - O -   -   -     
    | / | \ | / | \ |   
2     -   -   -   - X   
    | \ | / | \ | / |   
3   X -   -   -   - X   
    | / | \ | / | \ |   
4   X - X - X - X - X   
                        
    0   1   2   3   4  
                        
0   O - O - O - O - X   
    | \ | / | \ | / |   
1   O -   -   -   -     
    | / | \ | / | \ |   
2     -   -   -   - X   
    | \ | / | \ | / |   
3   X -   -   -   - X   
    | / | \ | / | \ |   
4   X - X - X - X - X   
                        
[3, 0, 2, 0]
[3, 0, 3, 1]
[4, 0, 3, 1]
[4, 1, 3, 1]
[4, 2, 3, 1]
[4, 2, 3, 2]
[0, 4, 1, 3]
[2, 4, 1, 3]
[2, 4, 2, 3]
[4, 2, 3, 3]
[4, 3, 3, 3]
[2, 4, 3, 3]
[3, 4, 3, 3]
[4, 4, 3, 3]
[0, 4, 1, 4]
[2, 4, 1, 4]
    0   1   2   3   4  
                        
0   O - O - O - O - X   
    | \ | / | \ | / |   
1   O -   -   -   -     
    | / | \ | / | \ |   
2     -   -   - X -     
    | \ | / | \ | / |   
3   X -   -   -   - X   
    | / | \ | / | \ |   
4   X - X - X - X - X   
                        
    0   1   2   3   4  
                        
0     - O - O - O - X   
    | \ | / | \ | / |   
1   O - O -   -   -     
    | / | \ | / | \ |   
2     -   -   - X -     
    | \ | / | \ | / |   
3   X -   -   -   - X   
    | / | \ | / | \ |   
4   X - X - X - X - X   
                        
[3, 0, 2, 0]
[3, 0, 3, 1]
[4, 0, 3, 1]
[4, 1, 3, 1]
[4, 2, 3, 1]
[2, 3, 2, 2]
[4, 2, 3, 2]
[2, 3, 1, 3]
[0, 4, 1, 3]
[4, 2, 3, 3]
[2, 3, 3, 3]
[4, 3, 3, 3]
[3, 4, 3, 3]
[4, 4, 3, 3]
[0, 4, 1, 4]
[2, 3, 2, 4]
[3, 4, 2, 4]
    0   1   2   3   4  
                        
0     - O - O - O - X   
    | \ | / | \ | / |   
1   O - O -   -   -     
    | / | \ | / | \ |   
2     -   -   - X -     
    | \ | / | \ | / |   
3   X -   -   - X - X   
    | / | \ | / | \ |   
4   X - X - X -   - X   
                        
    0   1   2   3   4  
                        
0   O - O - O - O - X   
    | \ | / | \ | / |   
1     - O -   -   -     
    | / | \ | / | \ |   
2     -   -   - X -     
    | \ | / | \ | / |   
3   X -   -   - X - X   
    | / | \ | / | \ |   
4   X - X - X -   - X   
                        
[3, 0, 2, 0]
[3, 0, 3, 1]
[4, 0, 3, 1]
[4, 1, 3, 1]
[4, 2, 3, 1]
[2, 3, 2, 2]
[3, 3, 2, 2]
[4, 2, 3, 2]
[3, 3, 3, 2]
[2, 3, 1, 3]
[0, 4, 1, 3]
[4, 2, 4, 3]
[3, 3, 4, 3]
[4, 4, 4, 3]
[0, 4, 1, 4]
[2, 3, 2, 4]
[3, 3, 2, 4]
[3, 4, 2, 4]
    0   1   2   3   4  
                        
0   O - O - O - O - X   
    | \ | / | \ | / |   
1     - O -   -   -     
    | / | \ | / | \ |   
2     -   -   - X - X   
    | \ | / | \ | / |   
3   X -   -   -   - X   
    | / | \ | / | \ |   
4   X - X - X -   - X   
                        
    0   1   2   3   4  
                        
0     - O - O - O - X   
    | \ | / | \ | / |   
1   O - O -   -   -     
    | / | \ | / | \ |   
2     -   -   - X - X   
    | \ | / | \ | / |   
3   X -   -   -   - X   
    | / | \ | / | \ |   
4   X - X - X -   - X   
                        
[3, 0, 2, 0]
[3, 0, 3, 1]
[4, 0, 3, 1]
[4, 1, 3, 1]
[4, 2, 3, 1]
[2, 3, 2, 2]
[4, 2, 3, 2]
[2, 3, 1, 3]
[0, 4, 1, 3]
[2, 4, 1, 3]
[4, 2, 3, 3]
[2, 3, 3, 3]
[2, 4, 3, 3]
[3, 4, 3, 3]
[4, 4, 3, 3]
[4, 2, 4, 3]
[4, 4, 4, 3]
[0, 4, 1, 4]
[2, 4, 1, 4]
    0   1   2   3   4  
                        
0     - O - O - O - X   
    | \ | / | \ | / |   
1   O - O -   -   -     
    | / | \ | / | \ |   
2     -   -   - X - X   
    | \ | / | \ | / |   
3   X -   -   - X - X   
    | / | \ | / | \ |   
4   X - X - X -   -     
                        
    0   1   2   3   4  
                        
0   O - O - O - O - X   
    | \ | / | \ | / |   
1     - O -   -   -     
    | / | \ | / | \ |   
2     -   -   - X - X   
    | \ | / | \ | / |   
3   X -   -   - X - X   
    | / | \ | / | \ |   
4   X - X - X -   -     
                        
[3, 0, 2, 0]
[3, 0, 3, 1]
[4, 0, 3, 1]
[4, 1, 3, 1]
[4, 2, 3, 1]
[2, 3, 2, 2]
[3, 3, 2, 2]
[4, 2, 3, 2]
[3, 3, 3, 2]
[2, 3, 1, 3]
[0, 4, 1, 3]
[2, 4, 1, 3]
[4, 2, 4, 3]
[3, 3, 4, 3]
[0, 4, 1, 4]
[2, 4, 1, 4]
[3, 3, 4, 4]
[3, 4, 4, 4]
    0   1   2   3   4  
                        
0   O - O - O - O - X   
    | \ | / | \ | / |   
1     - O -   -   -     
    | / | \ | / | \ |   
2     -   -   - X - X   
    | \ | / | \ | / |   
3   X -   -   -   - X   
    | / | \ | / | \ |   
4   X - X - X - X -     
                        
    0   1   2   3   4  
                        
0   O - O -   - O - X   
    | \ | / | \ | / |   
1     - O - O -   -     
    | / | \ | / | \ |   
2     -   -   - X - X   
    | \ | / | \ | / |   
3   X -   -   -   - X   
    | / | \ | / | \ |   
4   X - X - X - X -     
                        
[3, 0, 2, 0]
[3, 0, 3, 1]
[4, 0, 3, 1]
[4, 1, 3, 1]
[4, 2, 3, 1]
[0, 4, 0, 2]
[2, 3, 2, 2]
[4, 2, 3, 2]
[2, 3, 1, 3]
[0, 4, 1, 3]
[2, 4, 1, 3]
[4, 2, 3, 3]
[2, 3, 3, 3]
[4, 3, 3, 3]
[2, 4, 3, 3]
[3, 4, 3, 3]
[0, 4, 1, 4]
[2, 4, 1, 4]
[4, 3, 4, 4]
[3, 4, 4, 4]
    0   1   2   3   4  
                        
0   O - O -   - O - X   
    | \ | / | \ | / |   
1     - O - O -   -     
    | / | \ | / | \ |   
2     -   -   - X - X   
    | \ | / | \ | / |   
3   X - X -   -   - X   
    | / | \ | / | \ |   
4   X -   - X - X -     
                        
    0   1   2   3   4  
                        
0   O -   - O - O - X   
    | \ | / | \ | / |   
1     - O - O -   -     
    | / | \ | / | \ |   
2     -   -   - X - X   
    | \ | / | \ | / |   
3   X - X -   -   - X   
    | / | \ | / | \ |   
4   X -   - X - X -     
                        
[3, 0, 2, 0]
[3, 1, 2, 0]
[3, 1, 2, 1]
[4, 0, 4, 1]
[3, 1, 4, 1]
[4, 2, 4, 1]
[3, 1, 2, 2]
[2, 3, 2, 2]
[3, 1, 3, 2]
[4, 2, 3, 2]
[2, 3, 1, 3]
[0, 4, 1, 3]
[2, 4, 1, 3]
[4, 2, 3, 3]
[2, 3, 3, 3]
[4, 3, 3, 3]
[2, 4, 3, 3]
[3, 4, 3, 3]
[0, 4, 1, 4]
[2, 4, 1, 4]
[4, 3, 4, 4]
[3, 4, 4, 4]
    0   1   2   3   4  
                        
0   O -   - O - O - X   
    | \ | / | \ | / |   
1     - O - O -   -     
    | / | \ | / | \ |   
2     -   -   -   - X   
    | \ | / | \ | / |   
3   X - X -   - X - X   
    | / | \ | / | \ |   
4   X -   - X - X -     
                        
    0   1   2   3   4  
                        
0     - O - O - O - X   
    | \ | / | \ | / |   
1     - O - O -   -     
    | / | \ | / | \ |   
2     -   -   -   - X   
    | \ | / | \ | / |   
3   X - X -   - X - X   
    | / | \ | / | \ |   
4   X -   - X - X -     
                        
[3, 0, 2, 0]
[3, 1, 2, 0]
[3, 1, 2, 1]
[4, 0, 4, 1]
[3, 1, 4, 1]
[4, 2, 4, 1]
[3, 1, 2, 2]
[3, 3, 2, 2]
[3, 1, 3, 2]
[4, 2, 3, 2]
[3, 3, 3, 2]
[0, 4, 1, 3]
[2, 4, 1, 3]
[3, 3, 2, 3]
[2, 4, 2, 3]
[0, 4, 1, 4]
[2, 4, 1, 4]
[3, 3, 4, 4]
[4, 3, 4, 4]
[3, 4, 4, 4]
    0   1   2   3   4  
                        
0     - O - O - O - X   
    | \ | / | \ | / |   
1     - O - O -   -     
    | / | \ | / | \ |   
2     -   -   -   - X   
    | \ | / | \ | / |   
3   X -   -   - X - X   
    | / | \ | / | \ |   
4   X - X - X - X -     
                        
    0   1   2   3   4  
                        
0     - O - O - O - X   
    | \ | / | \ | / |   
1   O -   - O -   -     
    | / | \ | / | \ |   
2     -   -   -   - X   
    | \ | / | \ | / |   
3   X -   -   - X - X   
    | / | \ | / | \ |   
4   X - X - X - X -     
                        
[3, 0, 2, 0]
[3, 0, 3, 1]
[4, 0, 3, 1]
[4, 1, 3, 1]
[4, 2, 3, 1]
[3, 3, 2, 2]
[4, 2, 3, 2]
[3, 3, 3, 2]
[0, 4, 1, 3]
[2, 4, 1, 3]
[3, 3, 2, 3]
[2, 4, 2, 3]
[0, 4, 1, 4]
[2, 4, 1, 4]
[3, 3, 4, 4]
[4, 3, 4, 4]
[3, 4, 4, 4]
    0   1   2   3   4  
                        
0     - O - O - O - X   
    | \ | / | \ | / |   
1   O -   - O -   -     
    | / | \ | / | \ |   
2     -   -   -   - X   
    | \ | / | \ | / |   
3   X -   -   -   - X   
    | / | \ | / | \ |   
4   X - X - X - X - X   
                        
    0   1   2   3   4  
                        
0   O - O - O - O - X   
    | \ | / | \ | / |   
1     -   - O -   -     
    | / | \ | / | \ |   
2     -   -   -   - X   
    | \ | / | \ | / |   
3   X -   -   -   - X   
    | / | \ | / | \ |   
4   X - X - X - X - X   
                        
[3, 0, 2, 0]
[3, 0, 3, 1]
[4, 0, 3, 1]
[4, 1, 3, 1]
[4, 2, 3, 1]
[4, 2, 3, 2]
[0, 4, 1, 3]
[2, 4, 1, 3]
[2, 4, 2, 3]
[4, 2, 3, 3]
[4, 3, 3, 3]
[2, 4, 3, 3]
[3, 4, 3, 3]
[4, 4, 3, 3]
[0, 4, 1, 4]
[2, 4, 1, 4]
    0   1   2   3   4  
                        
0   O - O - O - O - X   
    | \ | / | \ | / |   
1     -   - O -   -     
    | / | \ | / | \ |   
2     -   -   -   - X   
    | \ | / | \ | / |   
3   X - X -   -   - X   
    | / | \ | / | \ |   
4   X - X -   - X - X   
                        
    0   1   2   3   4  
                        
0     - O - O - O - X   
    | \ | / | \ | / |   
1     - O - O -   -     
    | / | \ | / | \ |   
2     -   -   -   - X   
    | \ | / | \ | / |   
3   X - X -   -   - X   
    | / | \ | / | \ |   
4   X - X -   - X - X   
                        
[3, 0, 2, 0]
[3, 1, 2, 0]
[3, 1, 2, 1]
[3, 1, 2, 2]
[3, 1, 3, 2]
[3, 1, 4, 2]
[4, 1, 4, 2]
[4, 3, 4, 2]
[0, 4, 1, 3]
[2, 4, 1, 3]
[2, 4, 2, 3]
[4, 3, 3, 3]
[2, 4, 3, 3]
[3, 4, 3, 3]
[4, 4, 3, 3]
[0, 4, 1, 4]
[2, 4, 1, 4]
    0   1   2   3   4  
                        
0     - O - O - O - X   
    | \ | / | \ | / |   
1     - O - O -   -     
    | / | \ | / | \ |   
2     -   -   -   - X   
    | \ | / | \ | / |   
3   X -   -   -   - X   
    | / | \ | / | \ |   
4   X - X - X - X - X   
                        
    0   1   2   3   4  
                        
0     - O - O -   - X   
    | \ | / | \ | / |   
1     - O - O - O -     
    | / | \ | / | \ |   
2     -   -   -   - X   
    | \ | / | \ | / |   
3   X -   -   -   - X   
    | / | \ | / | \ |   
4   X - X - X - X - X   
                        
[3, 0, 2, 0]
[3, 0, 3, 1]
[4, 0, 3, 1]
[4, 1, 3, 1]
[4, 2, 3, 1]
[0, 4, 2, 2]
[4, 2, 3, 2]
[0, 4, 0, 3]
[2, 4, 2, 3]
[4, 2, 3, 3]
[4, 3, 3, 3]
[2, 4, 3, 3]
[3, 4, 3, 3]
[4, 4, 3, 3]
[0, 4, 1, 4]
[2, 4, 1, 4]
    0   1   2   3   4  
                        
0     - O - O -   - X   
    | \ | / | \ | / |   
1     - O - O - O -     
    | / | \ | / | \ |   
2     -   -   - X -     
    | \ | / | \ | / |   
3   X -   -   -   - X   
    | / | \ | / | \ |   
4   X - X - X - X - X   
                        
    0   1   2   3   4  
                        
0     - O - O - O - X   
    | \ | / | \ | / |   
1     - O - O -   -     
    | / | \ | / | \ |   
2     -   -   - X -     
    | \ | / | \ | / |   
3   X -   -   -   - X   
    | / | \ | / | \ |   
4   X - X - X - X - X   
                        
[3, 0, 2, 0]
[3, 0, 3, 1]
[4, 0, 3, 1]
[4, 1, 3, 1]
[4, 2, 3, 1]
[2, 3, 2, 2]
[4, 2, 3, 2]
[2, 3, 1, 3]
[0, 4, 1, 3]
[4, 2, 3, 3]
[2, 3, 3, 3]
[4, 3, 3, 3]
[3, 4, 3, 3]
[4, 4, 3, 3]
[0, 4, 1, 4]
[2, 3, 2, 4]
[3, 4, 2, 4]
    0   1   2   3   4  
                        
0     - O - O - O - X   
    | \ | / | \ | / |   
1     - O - O -   -     
    | / | \ | / | \ |   
2     -   - X -   -     
    | \ | / | \ | / |   
3   X -   -   -   - X   
    | / | \ | / | \ |   
4   X - X - X - X - X   
                        
    0   1   2   3   4  
                        
0     - O - O - O - X   
    | \ | / | \ | / |   
1     - O -   -   -     
    | / | \ | / | \ |   
2     -   -   -   -     
    | \ | / | \ | / |   
3   X -   - O -   - X   
    | / | \ | / | \ |   
4   X - X - X - X - X   
                        
[3, 0, 2, 0]
[3, 0, 3, 1]
[4, 0, 3, 1]
[4, 1, 3, 1]
[4, 2, 3, 1]
[4, 2, 2, 2]
[0, 4, 1, 3]
[4, 2, 3, 3]
[4, 3, 3, 3]
[3, 4, 3, 3]
[4, 4, 3, 3]
[0, 4, 1, 4]
[3, 4, 2, 4]
    0   1   2   3   4  
                        
0     - O - O - O - X   
    | \ | / | \ | / |   
1     - O -   -   -     
    | / | \ | / | \ |   
2     -   -   -   -     
    | \ | / | \ | / |   
3   X - X - O -   - X   
    | / | \ | / | \ |   
4     - X - X - X - X   
                        
    0   1   2   3   4  
                        
0     - O - O - O - X   
    | \ | / | \ | / |   
1     - O -   -   -     
    | / | \ | / | \ |   
2     -   - O -   -     
    | \ | / | \ | / |   
3   X - X -   -   - X   
    | / | \ | / | \ |   
4     - X - X - X - X   
                        
[3, 0, 2, 0]
[3, 1, 2, 0]
[3, 0, 4, 0]
[3, 1, 4, 0]
[4, 1, 4, 0]
[3, 1, 2, 1]
[3, 1, 3, 2]
[4, 2, 3, 2]
[3, 1, 1, 3]
[0, 4, 1, 3]
[4, 2, 3, 3]
[4, 3, 3, 3]
[3, 4, 3, 3]
[4, 4, 3, 3]
[0, 4, 1, 4]
[3, 4, 2, 4]
    0   1   2   3   4  
                        
0     - O - O - O - X   
    | \ | / | \ | / |   
1     - O -   -   -     
    | / | \ | / | \ |   
2     -   - O -   -     
    | \ | / | \ | / |   
3   X -   -   -   - X   
    | / | \ | / | \ |   
4   X - X - X - X - X   
                        
    0   1   2   3   4  
                        
0     - O - O - O - X   
    | \ | / | \ | / |   
1     - O -   -   -     
    | / | \ | / | \ |   
2     -   -   -   -     
    | \ | / | \ | / |   
3   X -   - O -   - X   
    | / | \ | / | \ |   
4   X - X - X - X - X   
                        
[3, 0, 2, 0]
[3, 0, 3, 1]
[4, 0, 3, 1]
[4, 1, 3, 1]
[4, 2, 3, 1]
[4, 2, 2, 2]
[0, 4, 1, 3]
[4, 2, 3, 3]
[4, 3, 3, 3]
[3, 4, 3, 3]
[4, 4, 3, 3]
[0, 4, 1, 4]
[3, 4, 2, 4]
    0   1   2   3   4  
                        
0     - O - O - O - X   
    | \ | / | \ | / |   
1     - O -   -   -     
    | / | \ | / | \ |   
2     -   -   -   - X   
    | \ | / | \ | / |   
3   X -   - O -   -     
    | / | \ | / | \ |   
4   X - X - X - X - X   
                        
    0   1   2   3   4  
                        
0     - O - O - O - X   
    | \ | / | \ | / |   
1     - O -   -   -     
    | / | \ | / | \ |   
2     -   -   -   - X   
    | \ | / | \ | / |   
3   X -   -   - O -     
    | / | \ | / | \ |   
4   X - X - X - X - X   
                        
[3, 0, 2, 0]
[3, 0, 3, 1]
[4, 0, 3, 1]
[4, 1, 3, 1]
[4, 2, 3, 1]
[4, 4, 2, 2]
[4, 2, 3, 2]
[0, 4, 1, 3]
[2, 4, 1, 3]
[4, 3, 2, 3]
[2, 4, 2, 3]
[0, 4, 1, 4]
[2, 4, 1, 4]
[2, 4, 3, 4]
[4, 4, 3, 4]
    0   1   2   3   4  
                        
0     - O - O - O - X   
    | \ | / | \ | / |   
1     - O -   -   -     
    | / | \ | / | \ |   
2     -   -   -   -     
    | \ | / | \ | / |   
3   X -   -   - O - X   
    | / | \ | / | \ |   
4   X - X - X - X - X   
                        
    0   1   2   3   4  
                        
0     - O -   - O - X   
    | \ | / | \ | / |   
1     - O - O -   -     
    | / | \ | / | \ |   
2     -   -   -   -     
    | \ | / | \ | / |   
3   X -   -   - O - X   
    | / | \ | / | \ |   
4   X - X - X - X - X   
                        
[3, 0, 2, 0]
[3, 0, 3, 1]
[4, 0, 3, 1]
[4, 1, 3, 1]
[4, 2, 3, 1]
[0, 4, 0, 2]
[4, 4, 2, 2]
[4, 2, 3, 2]
[3, 4, 3, 2]
[0, 4, 1, 3]
[4, 3, 2, 3]
[0, 4, 1, 4]
[4, 2, 2, 4]
[3, 4, 2, 4]
    0   1   2   3   4  
                        
0     - O -   - O - X   
    | \ | / | \ | / |   
1     - O - O -   -     
    | / | \ | / | \ |   
2   X -   -   -   -     
    | \ | / | \ | / |   
3     -   -   - O - X   
    | / | \ | / | \ |   
4   X - X - X - X - X   
                        
    0   1   2   3   4  
                        
0     - O -   - O - X   
    | \ | / | \ | / |   
1     - O - O -   -     
    | / | \ | / | \ |   
2   X -   -   - O -     
    | \ | / | \ | / |   
3     -   -   -   - X   
    | / | \ | / | \ |   
4   X - X - X - X - X   
                        
[2, 0, 1, 0]
[2, 0, 3, 0]
[4, 0, 3, 0]
[2, 0, 2, 1]
[2, 0, 3, 1]
[4, 0, 3, 1]
[4, 1, 3, 1]
[4, 2, 3, 1]
[2, 0, 0, 2]
[0, 4, 0, 2]
[4, 2, 3, 2]
[0, 4, 1, 3]
[4, 2, 3, 3]
[4, 3, 3, 3]
[3, 4, 3, 3]
[4, 4, 3, 3]
[0, 4, 1, 4]
[3, 4, 2, 4]
    0   1   2   3   4  
                        
0     - O -   - O - X   
    | \ | / | \ | / |   
1     - O - O -   -     
    | / | \ | / | \ |   
2     -   -   - O -     
    | \ | / | \ | / |   
3   X -   -   -   - X   
    | / | \ | / | \ |   
4   X - X - X - X - X   
                        
    0   1   2   3   4  
                        
0     - O -   - O - X   
    | \ | / | \ | / |   
1     - O - O -   -     
    | / | \ | / | \ |   
2     -   -   -   - O   
    | \ | / | \ | / |   
3   X -   -   -   - X   
    | / | \ | / | \ |   
4   X - X - X - X - X   
                        
[3, 0, 2, 0]
[3, 0, 3, 1]
[4, 0, 3, 1]
[4, 1, 3, 1]
[4, 2, 3, 1]
[0, 4, 0, 2]
[4, 2, 3, 2]
[0, 4, 1, 3]
[4, 2, 3, 3]
[4, 3, 3, 3]
[3, 4, 3, 3]
[4, 4, 3, 3]
[0, 4, 1, 4]
[3, 4, 1, 4]
    0   1   2   3   4  
                        
0     - O -   - O - X   
    | \ | / | \ | / |   
1     - O - O -   - X   
    | / | \ | / | \ |   
2     -   -   -   -     
    | \ | / | \ | / |   
3   X -   -   -   -     
    | / | \ | / | \ |   
4   X - X - X - X - X   
                        
    0   1   2   3   4  
                        
0     - O -   - O - X   
    | \ | / | \ | / |   
1     -   - O -   - X   
    | / | \ | / | \ |   
2     - O -   -   -     
    | \ | / | \ | / |   
3   X -   -   -   -     
    | / | \ | / | \ |   
4   X - X - X - X - X   
                        
[3, 0, 2, 0]
[3, 0, 3, 1]
[4, 0, 3, 1]
[4, 1, 3, 1]
[4, 2, 3, 1]
[0, 4, 0, 2]
[4, 2, 3, 2]
[0, 4, 1, 3]
[1, 4, 1, 3]
[4, 2, 3, 3]
[4, 3, 3, 3]
[4, 4, 3, 3]
[1, 4, 2, 4]
[4, 4, 3, 4]
    0   1   2   3   4  
                        
0     - O -   - O - X   
    | \ | / | \ | / |   
1     -   - O - X -     
    | / | \ | / | \ |   
2     - O -   -   -     
    | \ | / | \ | / |   
3   X -   -   -   -     
    | / | \ | / | \ |   
4   X - X - X - X - X   
                        
    0   1   2   3   4  
                        
0     - O -   -   - X   
    | \ | / | \ | / |   
1     -   - O -   -     
    | / | \ | / | \ |   
2     - O -   - O -     
    | \ | / | \ | / |   
3   X -   -   -   -     
    | / | \ | / | \ |   
4   X - X - X - X - X   
                        
[3, 0, 2, 0]
[3, 0, 3, 1]
[4, 0, 3, 1]
[4, 1, 3, 1]
[4, 2, 3, 1]
[4, 2, 3, 2]
[0, 4, 0, 3]
[0, 4, 1, 3]
[4, 2, 3, 3]
[4, 3, 3, 3]
[4, 4, 3, 3]
[0, 4, 1, 4]
[4, 4, 3, 4]
    0   1   2   3   4  
                        
0     - O -   - X -     
    | \ | / | \ | / |   
1     -   - O -   -     
    | / | \ | / | \ |   
2     - O -   - O -     
    | \ | / | \ | / |   
3   X -   -   -   -     
    | / | \ | / | \ |   
4   X - X - X - X - X   
                        
Game over: Turn  106 Result  0.0001
    0   1   2   3   4  
                        
0     - O -   - X -     
    | \ | / | \ | / |   
1     -   - O -   -     
    | / | \ | / | \ |   
2     - O -   - O -     
    | \ | / | \ | / |   
3   X -   -   -   -     
    | / | \ | / | \ |   
4   X - X - X - X - X   
                        
    0   1   2   3   4  
                        
0   O - O - O - O - O   
    | \ | / | \ | / |   
1   O - O - O - O - O   
    | / | \ | / | \ |   
2   O - O -   - X - X   
    | \ | / | \ | / |   
3   X - X - X - X - X   
    | / | \ | / | \ |   
4   X - X - X - X - X   
                        
[1, 1, 2, 2]
[2, 1, 2, 2]
[1, 2, 2, 2]
[1, 3, 2, 2]
    0   1   2   3   4  
                        
0   O - O - O - O - O   
    | \ | / | \ | / |   
1   O - O - O -   - O   
    | / | \ | / | \ |   
2   O - O - O - X - X   
    | \ | / | \ | / |   
3   X - X - X - X - X   
    | / | \ | / | \ |   
4   X - X - X - X - X   
                        
    0   1   2   3   4  
                        
0   O - O - O - O - O   
    | \ | / | \ | / |   
1   O - O - O - X - O   
    | / | \ | / | \ |   
2   O - O -   - X - X   
    | \ | / | \ | / |   
3   X -   - X - X - X   
    | / | \ | / | \ |   
4   X - X - X - X - X   
                        
[2, 0, 3, 1]
[2, 1, 3, 1]
[1, 1, 2, 2]
[2, 1, 2, 2]
[1, 2, 2, 2]
[0, 4, 2, 2]
    0   1   2   3   4  
                        
0   O - O - O - O -     
    | \ | / | \ | / |   
1   O - O - O -   - O   
    | / | \ | / | \ |   
2   O - O - O - X - X   
    | \ | / | \ | / |   
3   X -   - X - X - X   
    | / | \ | / | \ |   
4   X - X - X - X - X   
                        
    0   1   2   3   4  
                        
0   O - O - O - O - X   
    | \ | / | \ | / |   
1   O - O - O -   -     
    | / | \ | / | \ |   
2   O - O - O - X -     
    | \ | / | \ | / |   
3   X -   - X - X - X   
    | / | \ | / | \ |   
4   X - X - X - X - X   
                        
[2, 0, 3, 1]
[2, 1, 3, 1]
[2, 2, 3, 1]
[0, 2, 1, 3]
[1, 2, 1, 3]
[2, 2, 1, 3]
[0, 3, 1, 3]
[2, 2, 2, 4]
    0   1   2   3   4  
                        
0   O - O - O - O - X   
    | \ | / | \ | / |   
1   O - O - O -   -     
    | / | \ | / | \ |   
2   O - O -   -   - O   
    | \ | / | \ | / |   
3   X -   - X - X - X   
    | / | \ | / | \ |   
4   X - X - X - X - X   
                        
    0   1   2   3   4  
                        
0   O - O - O - O - X   
    | \ | / | \ | / |   
1   O - O - O -   - X   
    | / | \ | / | \ |   
2   O - O -   -   -     
    | \ | / | \ | / |   
3   X -   - X - X -     
    | / | \ | / | \ |   
4   X - X - X - X - X   
                        
[2, 0, 3, 1]
[2, 1, 3, 1]
[1, 1, 2, 2]
[2, 1, 2, 2]
[1, 2, 2, 2]
[0, 2, 1, 3]
[1, 2, 1, 3]
[0, 3, 1, 3]
    0   1   2   3   4  
                        
0   O - O - O - O - X   
    | \ | / | \ | / |   
1   O - O - O -   - X   
    | / | \ | / | \ |   
2   O -   - O -   -     
    | \ | / | \ | / |   
3   X -   - X - X -     
    | / | \ | / | \ |   
4   X - X - X - X - X   
                        
    0   1   2   3   4  
                        
0   O - O - O - O - X   
    | \ | / | \ | / |   
1   O - O - O -   - X   
    | / | \ | / | \ |   
2   O -   - O -   -     
    | \ | / | \ | / |   
3     - X - X - X -     
    | / | \ | / | \ |   
4   X - X - X - X - X   
                        
[2, 0, 3, 0]
[2, 0, 2, 1]
[1, 1, 2, 1]
[2, 2, 2, 1]
[0, 2, 1, 3]
[1, 2, 1, 3]
[2, 2, 1, 3]
[0, 3, 1, 3]
[2, 2, 2, 3]
    0   1   2   3   4  
                        
0   O - O - O - O - X   
    | \ | / | \ | / |   
1   O - O - O -   - X   
    | / | \ | / | \ |   
2   O - O -   -   -     
    | \ | / | \ | / |   
3     - X - X - X -     
    | / | \ | / | \ |   
4   X - X - X - X - X   
                        
    0   1   2   3   4  
                        
0   O - O - O - O - X   
    | \ | / | \ | / |   
1   O - O - O -   - X   
    | / | \ | / | \ |   
2   O - O - X -   -     
    | \ | / | \ | / |   
3     - X - X -   -     
    | / | \ | / | \ |   
4   X - X - X - X - X   
                        
[2, 0, 3, 0]
[0, 2, 1, 3]
[1, 2, 1, 3]
[0, 3, 1, 3]
[2, 1, 2, 3]
[1, 1, 3, 3]
    0   1   2   3   4  
                        
0   O - O - O - O - X   
    | \ | / | \ | / |   
1   O -   - O -   - X   
    | / | \ | / | \ |   
2   O - O -   -   -     
    | \ | / | \ | / |   
3     - X - X - O -     
    | / | \ | / | \ |   
4   X - X - X - X - X   
                        
    0   1   2   3   4  
                        
0   O - O - O - O - X   
    | \ | / | \ | / |   
1   O -   - O -   - X   
    | / | \ | / | \ |   
2   O - O -   - X -     
    | \ | / | \ | / |   
3     - X - X -   -     
    | / | \ | / | \ |   
4   X - X - X -   - X   
                        
[2, 0, 3, 0]
[0, 0, 1, 1]
[1, 0, 1, 1]
[2, 0, 1, 1]
[0, 1, 1, 1]
[2, 1, 1, 1]
[0, 2, 1, 1]
[1, 2, 1, 1]
[2, 1, 2, 2]
[1, 2, 2, 2]
[0, 2, 1, 3]
[1, 2, 1, 3]
[0, 3, 1, 3]
    0   1   2   3   4  
                        
0   O - O - O - O - X   
    | \ | / | \ | / |   
1   O - O - O -   - X   
    | / | \ | / | \ |   
2   O -   -   - X -     
    | \ | / | \ | / |   
3     - X - X -   -     
    | / | \ | / | \ |   
4   X - X - X -   - X   
                        
    0   1   2   3   4  
                        
0   O - O - O - O - X   
    | \ | / | \ | / |   
1   O - O - O -   - X   
    | / | \ | / | \ |   
2   O -   -   - X -     
    | \ | / | \ | / |   
3   X -   - X -   -     
    | / | \ | / | \ |   
4   X - X - X -   - X   
                        
[2, 0, 2, 1]
[1, 1, 2, 1]
[2, 0, 3, 1]
[1, 1, 2, 2]
[1, 2, 2, 2]
[0, 2, 1, 3]
[1, 2, 1, 3]
[0, 3, 1, 3]
    0   1   2   3   4  
                        
0   O - O - O - O - X   
    | \ | / | \ | / |   
1   O - O - O -   - X   
    | / | \ | / | \ |   
2     -   -   - X -     
    | \ | / | \ | / |   
3   X - O - X -   -     
    | / | \ | / | \ |   
4   X - X - X -   - X   
                        
    0   1   2   3   4  
                        
0   O - O - O - O - X   
    | \ | / | \ | / |   
1   O - O - O -   - X   
    | / | \ | / | \ |   
2   X -   -   - X -     
    | \ | / | \ | / |   
3   X -   - X -   -     
    | / | \ | / | \ |   
4   X - X -   -   - X   
                        
[1, 1, 2, 1]
[1, 1, 2, 2]
[1, 2, 2, 2]
[0, 2, 1, 3]
[1, 2, 1, 3]
[0, 3, 1, 3]
    0   1   2   3   4  
                        
0   O - O - O - O - X   
    | \ | / | \ | / |   
1   O - O -   - O - X   
    | / | \ | / | \ |   
2   X -   -   - X -     
    | \ | / | \ | / |   
3   X -   - X -   -     
    | / | \ | / | \ |   
4   X - X -   -   - X   
                        
    0   1   2   3   4  
                        
0   O - O - O - O - X   
    | \ | / | \ | / |   
1   O - O -   - O - X   
    | / | \ | / | \ |   
2   X -   -   - X -     
    | \ | / | \ | / |   
3   X - X -   -   -     
    | / | \ | / | \ |   
4   X - X -   -   - X   
                        
[1, 1, 2, 1]
[1, 1, 1, 2]
[0, 2, 1, 2]
[1, 3, 1, 2]
[1, 1, 2, 2]
[1, 3, 2, 2]
[1, 3, 3, 3]
[1, 3, 2, 4]
    0   1   2   3   4  
                        
0   O - O - O - O - X   
    | \ | / | \ | / |   
1   O - O -   -   - X   
    | / | \ | / | \ |   
2   X -   -   - X - O   
    | \ | / | \ | / |   
3   X - X -   -   -     
    | / | \ | / | \ |   
4   X - X -   -   - X   
                        
    0   1   2   3   4  
                        
0   O - O - O - O - X   
    | \ | / | \ | / |   
1   O - O -   -   - X   
    | / | \ | / | \ |   
2   X -   - X -   - O   
    | \ | / | \ | / |   
3   X - X -   -   -     
    | / | \ | / | \ |   
4   X - X -   -   - X   
                        
[1, 1, 2, 1]
[1, 1, 1, 2]
[0, 2, 1, 2]
[0, 2, 1, 3]
[0, 3, 1, 3]
[2, 4, 1, 3]
[2, 4, 2, 3]
[1, 1, 3, 3]
[2, 4, 3, 3]
[2, 4, 3, 4]
    0   1   2   3   4  
                        
0   O - O - O - O - X   
    | \ | / | \ | / |   
1   O - O -   -   - X   
    | / | \ | / | \ |   
2   X -   - X -   -     
    | \ | / | \ | / |   
3   X - X -   -   - O   
    | / | \ | / | \ |   
4   X - X -   -   - X   
                        
    0   1   2   3   4  
                        
0   O - O - O - O - X   
    | \ | / | \ | / |   
1   O - O -   -   - X   
    | / | \ | / | \ |   
2   X -   - X -   - X   
    | \ | / | \ | / |   
3   X - X -   -   -     
    | / | \ | / | \ |   
4   X - X -   -   -     
                        
[1, 1, 2, 1]
[1, 1, 1, 2]
[0, 2, 1, 2]
[0, 2, 1, 3]
[0, 3, 1, 3]
[1, 1, 3, 3]
    0   1   2   3   4  
                        
0   O - O - O -   - X   
    | \ | / | \ | / |   
1   O - O -   - O - X   
    | / | \ | / | \ |   
2   X -   - X -   - X   
    | \ | / | \ | / |   
3   X - X -   -   -     
    | / | \ | / | \ |   
4   X - X -   -   -     
                        
    0   1   2   3   4  
                        
0   O - O - O -   - X   
    | \ | / | \ | / |   
1   O - O -   - O - X   
    | / | \ | / | \ |   
2   X - X -   -   - X   
    | \ | / | \ | / |   
3   X - X -   -   -     
    | / | \ | / | \ |   
4   X - X -   -   -     
                        
[1, 1, 1, 2]
[0, 2, 1, 2]
[1, 3, 1, 2]
[1, 1, 2, 2]
[1, 3, 2, 2]
[0, 2, 0, 3]
[1, 3, 0, 3]
[1, 3, 2, 3]
    0   1   2   3   4  
                        
0   O - O - O - O - X   
    | \ | / | \ | / |   
1   O - O -   -   - X   
    | / | \ | / | \ |   
2   X - X -   -   - X   
    | \ | / | \ | / |   
3   X - X -   -   -     
    | / | \ | / | \ |   
4   X - X -   -   -     
                        
    0   1   2   3   4  
                        
0   O - O - O - O - X   
    | \ | / | \ | / |   
1   O - O -   - X -     
    | / | \ | / | \ |   
2   X - X -   -   - X   
    | \ | / | \ | / |   
3   X - X -   -   -     
    | / | \ | / | \ |   
4   X - X -   -   -     
                        
[1, 1, 1, 2]
[0, 2, 1, 2]
[1, 1, 2, 2]
[0, 3, 2, 3]
    0   1   2   3   4  
                        
0   O - O - O -   - X   
    | \ | / | \ | / |   
1   O - O -   -   -     
    | / | \ | / | \ |   
2   X - X -   - O - X   
    | \ | / | \ | / |   
3   X - X -   -   -     
    | / | \ | / | \ |   
4   X - X -   -   -     
                        
    0   1   2   3   4  
                        
0   O - O - O -   - X   
    | \ | / | \ | / |   
1   O - O -   -   -     
    | / | \ | / | \ |   
2   X - X - X -   -     
    | \ | / | \ | / |   
3   X - X -   -   -     
    | / | \ | / | \ |   
4   X - X -   -   -     
                        
[1, 1, 1, 2]
[0, 2, 1, 2]
[0, 2, 0, 3]
[0, 2, 1, 3]
[1, 1, 3, 3]
    0   1   2   3   4  
                        
0   O - O - O -   - X   
    | \ | / | \ | / |   
1   O -   -   -   -     
    | / | \ | / | \ |   
2   X - X -   -   -     
    | \ | / | \ | / |   
3   X - X -   - O -     
    | / | \ | / | \ |   
4   X - X -   -   -     
                        
    0   1   2   3   4  
                        
0   O - O - O - X -     
    | \ | / | \ | / |   
1   O -   -   -   -     
    | / | \ | / | \ |   
2   X - X -   -   -     
    | \ | / | \ | / |   
3   X - X -   - O -     
    | / | \ | / | \ |   
4   X - X -   -   -     
                        
[0, 0, 1, 1]
[1, 0, 1, 1]
[0, 1, 1, 1]
[0, 2, 1, 1]
[0, 2, 1, 2]
[3, 3, 2, 2]
[3, 3, 3, 2]
[3, 3, 4, 2]
[0, 2, 1, 3]
[3, 3, 2, 3]
[3, 3, 4, 3]
[0, 2, 0, 4]
[3, 3, 2, 4]
[3, 3, 3, 4]
[3, 3, 4, 4]
    0   1   2   3   4  
                        
0   O - O -   -   - O   
    | \ | / | \ | / |   
1   O -   -   -   -     
    | / | \ | / | \ |   
2   X - X -   -   -     
    | \ | / | \ | / |   
3   X - X -   - O -     
    | / | \ | / | \ |   
4   X - X -   -   -     
                        
    0   1   2   3   4  
                        
0   O - O -   -   - O   
    | \ | / | \ | / |   
1   O - X -   -   -     
    | / | \ | / | \ |   
2   X -   -   -   -     
    | \ | / | \ | / |   
3   X - X -   - O -     
    | / | \ | / | \ |   
4   X - X -   -   -     
                        
[0, 1, 2, 1]
[0, 1, 0, 2]
[1, 0, 1, 2]
[0, 0, 2, 2]
[3, 3, 2, 2]
[3, 3, 3, 2]
[3, 3, 4, 2]
[0, 4, 0, 3]
[0, 4, 1, 3]
[3, 3, 2, 3]
[3, 3, 4, 3]
[0, 4, 1, 4]
[3, 3, 2, 4]
[3, 3, 3, 4]
[3, 3, 4, 4]
    0   1   2   3   4  
                        
0   O - O -   -   - O   
    | \ | / | \ | / |   
1   O - X -   -   -     
    | / | \ | / | \ |   
2   X -   -   -   -     
    | \ | / | \ | / |   
3   X - X -   -   -     
    | / | \ | / | \ |   
4   X - X -   -   - O   
                        
    0   1   2   3   4  
                        
0   O - O -   -   - O   
    | \ | / | \ | / |   
1   O - X -   -   -     
    | / | \ | / | \ |   
2   X -   -   -   -     
    | \ | / | \ | / |   
3   X -   -   -   -     
    | / | \ | / | \ |   
4   X - X - X -   - O   
                        
[0, 1, 2, 1]
[0, 1, 0, 2]
[1, 0, 1, 2]
[0, 0, 2, 2]
[0, 4, 0, 3]
[0, 4, 1, 3]
[4, 4, 3, 3]
[4, 4, 4, 3]
[0, 4, 1, 4]
[4, 4, 3, 4]
    0   1   2   3   4  
                        
0   O - O -   -   -     
    | \ | / | \ | / |   
1   O - X -   -   - O   
    | / | \ | / | \ |   
2   X -   -   -   -     
    | \ | / | \ | / |   
3   X -   -   -   -     
    | / | \ | / | \ |   
4   X - X - X -   - O   
                        
    0   1   2   3   4  
                        
0   O - O -   -   -     
    | \ | / | \ | / |   
1   O - X -   -   - O   
    | / | \ | / | \ |   
2   X -   -   -   -     
    | \ | / | \ | / |   
3   X -   - X -   -     
    | / | \ | / | \ |   
4   X - X -   -   - O   
                        
[0, 1, 2, 1]
[0, 1, 0, 2]
[1, 0, 1, 2]
[0, 0, 2, 2]
[1, 4, 1, 3]
[4, 4, 3, 3]
[4, 4, 4, 3]
[1, 4, 0, 4]
[1, 4, 2, 4]
[4, 4, 3, 4]
    0   1   2   3   4  
                        
0   O - O -   -   -     
    | \ | / | \ | / |   
1   O - X -   -   -     
    | / | \ | / | \ |   
2   X -   -   -   - O   
    | \ | / | \ | / |   
3   X -   - X -   -     
    | / | \ | / | \ |   
4   X - X -   -   - O   
                        
    0   1   2   3   4  
                        
0   O - O -   -   -     
    | \ | / | \ | / |   
1   O - X -   -   -     
    | / | \ | / | \ |   
2   X -   -   -   - O   
    | \ | / | \ | / |   
3   X - X -   -   -     
    | / | \ | / | \ |   
4   X - X -   -   - O   
                        
[0, 1, 2, 1]
[0, 1, 0, 2]
[1, 0, 1, 2]
[0, 0, 2, 2]
[2, 4, 1, 3]
[2, 4, 2, 3]
[2, 4, 3, 3]
[4, 4, 3, 3]
[4, 4, 4, 3]
[2, 4, 1, 4]
[2, 4, 3, 4]
[4, 4, 3, 4]
    0   1   2   3   4  
                        
0   O - O -   -   -     
    | \ | / | \ | / |   
1     -   - O -   -     
    | / | \ | / | \ |   
2   X -   -   -   - O   
    | \ | / | \ | / |   
3   X - X -   -   -     
    | / | \ | / | \ |   
4   X - X -   -   - O   
                        
    0   1   2   3   4  
                        
0   O - O -   -   -     
    | \ | / | \ | / |   
1     -   - O -   -     
    | / | \ | / | \ |   
2   X -   -   -   - O   
    | \ | / | \ | / |   
3   X -   - X -   -     
    | / | \ | / | \ |   
4   X - X -   -   - O   
                        
[0, 0, 1, 0]
[0, 0, 1, 1]
[0, 1, 1, 1]
[1, 2, 1, 1]
[0, 1, 0, 2]
[1, 2, 0, 2]
[1, 2, 2, 2]
[1, 2, 1, 3]
[2, 4, 1, 3]
[2, 4, 2, 3]
[2, 4, 3, 3]
[4, 4, 3, 3]
[4, 4, 4, 3]
[2, 4, 1, 4]
[2, 4, 3, 4]
[4, 4, 3, 4]
Invalid
    0   1   2   3   4  
                        
0   O - O -   -   -     
    | \ | / | \ | / |   
1     -   - O -   -     
    | / | \ | / | \ |   
2   X -   -   -   -     
    | \ | / | \ | / |   
3   X -   - X -   - O   
    | / | \ | / | \ |   
4   X - X -   -   - O   
                        
    0   1   2   3   4  
                        
0   O - O -   -   -     
    | \ | / | \ | / |   
1     -   - O -   -     
    | / | \ | / | \ |   
2   X -   -   -   -     
    | \ | / | \ | / |   
3   X - X -   -   - O   
    | / | \ | / | \ |   
4   X - X -   -   - O   
                        
[0, 0, 1, 0]
[0, 0, 1, 1]
[0, 1, 1, 1]
[1, 2, 1, 1]
[0, 1, 0, 2]
[1, 2, 0, 2]
[1, 2, 2, 2]
[1, 2, 1, 3]
[3, 4, 3, 3]
[4, 4, 3, 3]
[4, 4, 4, 3]
[3, 4, 2, 4]
    0   1   2   3   4  
                        
0   O -   - O -   -     
    | \ | / | \ | / |   
1     -   - O -   -     
    | / | \ | / | \ |   
2   X -   -   -   -     
    | \ | / | \ | / |   
3   X - X -   -   - O   
    | / | \ | / | \ |   
4   X - X -   -   - O   
                        
    0   1   2   3   4  
                        
0   O -   - O -   -     
    | \ | / | \ | / |   
1     -   - O -   -     
    | / | \ | / | \ |   
2     - X -   -   -     
    | \ | / | \ | / |   
3   X - X -   -   - O   
    | / | \ | / | \ |   
4   X - X -   -   - O   
                        
[0, 0, 1, 0]
[0, 0, 0, 1]
[0, 2, 0, 1]
[0, 0, 1, 1]
[0, 2, 1, 1]
[1, 2, 1, 1]
[1, 2, 2, 2]
[0, 2, 0, 3]
[0, 2, 1, 3]
[1, 2, 1, 3]
[3, 4, 3, 3]
[4, 4, 3, 3]
[4, 4, 4, 3]
[3, 4, 2, 4]
Invalid
    0   1   2   3   4  
                        
0   O -   - O -   -     
    | \ | / | \ | / |   
1     -   -   - O -     
    | / | \ | / | \ |   
2     - X -   -   -     
    | \ | / | \ | / |   
3   X - X -   -   - O   
    | / | \ | / | \ |   
4   X - X -   -   - O   
                        
    0   1   2   3   4  
                        
0   O -   - O -   -     
    | \ | / | \ | / |   
1     -   -   - O -     
    | / | \ | / | \ |   
2   X -   -   -   -     
    | \ | / | \ | / |   
3   X - X -   -   - O   
    | / | \ | / | \ |   
4   X - X -   -   - O   
                        
[0, 0, 1, 0]
[0, 0, 0, 1]
[0, 2, 0, 1]
[0, 0, 1, 1]
[0, 2, 1, 1]
[0, 2, 1, 2]
[1, 3, 1, 2]
[1, 3, 2, 2]
[0, 2, 0, 3]
[1, 3, 0, 3]
[1, 3, 2, 3]
[3, 4, 3, 3]
[4, 4, 3, 3]
[4, 4, 4, 3]
[1, 3, 0, 4]
[1, 3, 1, 4]
[1, 3, 2, 4]
[3, 4, 2, 4]
    0   1   2   3   4  
                        
0   O -   - O -   - O   
    | \ | / | \ | / |   
1     -   -   -   -     
    | / | \ | / | \ |   
2   X -   -   -   -     
    | \ | / | \ | / |   
3   X - X -   -   - O   
    | / | \ | / | \ |   
4   X - X -   -   - O   
                        
    0   1   2   3   4  
                        
0   O -   - O -   - O   
    | \ | / | \ | / |   
1     -   -   -   -     
    | / | \ | / | \ |   
2   X -   - X -   -     
    | \ | / | \ | / |   
3   X -   -   -   - O   
    | / | \ | / | \ |   
4   X - X -   -   - O   
                        
[0, 0, 1, 0]
[0, 0, 0, 1]
[0, 2, 0, 1]
[0, 0, 1, 1]
[0, 2, 1, 1]
[0, 2, 1, 2]
[0, 2, 0, 3]
[0, 4, 0, 3]
[0, 2, 1, 3]
[0, 4, 1, 3]
[3, 4, 3, 3]
[4, 4, 3, 3]
[4, 4, 4, 3]
[0, 4, 1, 4]
[3, 4, 2, 4]
    0   1   2   3   4  
                        
0   O -   - O -   - O   
    | \ | / | \ | / |   
1     -   -   -   -     
    | / | \ | / | \ |   
2   X -   - X -   -     
    | \ | / | \ | / |   
3   X -   -   - O - O   
    | / | \ | / | \ |   
4   X - X -   -   -     
                        
    0   1   2   3   4  
                        
0   O -   - O -   - O   
    | \ | / | \ | / |   
1     -   -   -   -     
    | / | \ | / | \ |   
2   X -   -   -   -     
    | \ | / | \ | / |   
3   X - X -   - O - O   
    | / | \ | / | \ |   
4   X - X -   -   -     
                        
[0, 0, 1, 0]
[0, 0, 0, 1]
[0, 2, 0, 1]
[0, 0, 1, 1]
[0, 2, 1, 1]
[0, 2, 1, 2]
[3, 3, 2, 2]
[3, 3, 3, 2]
[3, 3, 4, 2]
[0, 2, 0, 3]
[0, 4, 0, 3]
[0, 2, 1, 3]
[0, 4, 1, 3]
[3, 3, 2, 3]
[3, 3, 4, 3]
[0, 4, 1, 4]
[3, 3, 2, 4]
[3, 4, 2, 4]
[3, 3, 4, 4]
[3, 4, 4, 4]
    0   1   2   3   4  
                        
0   O -   - O -   - O   
    | \ | / | \ | / |   
1     -   -   -   -     
    | / | \ | / | \ |   
2   X -   -   -   -     
    | \ | / | \ | / |   
3   X - X -   - O -     
    | / | \ | / | \ |   
4   X - X -   -   - O   
                        
    0   1   2   3   4  
                        
0   O -   - O -   - O   
    | \ | / | \ | / |   
1     -   -   -   -     
    | / | \ | / | \ |   
2   X -   - X -   -     
    | \ | / | \ | / |   
3   X -   -   - O -     
    | / | \ | / | \ |   
4   X - X -   -   - O   
                        
[0, 0, 1, 0]
[0, 0, 0, 1]
[0, 2, 0, 1]
[0, 0, 1, 1]
[0, 2, 1, 1]
[3, 3, 1, 1]
[0, 2, 1, 2]
[3, 3, 3, 2]
[3, 3, 4, 2]
[0, 2, 0, 3]
[0, 4, 0, 3]
[0, 2, 1, 3]
[0, 4, 1, 3]
[3, 3, 2, 3]
[3, 3, 4, 3]
[4, 4, 4, 3]
[0, 4, 1, 4]
[3, 3, 2, 4]
[3, 3, 3, 4]
[4, 4, 3, 4]
    0   1   2   3   4  
                        
0   O -   - O -   - O   
    | \ | / | \ | / |   
1     -   -   -   -     
    | / | \ | / | \ |   
2   X -   - X -   -     
    | \ | / | \ | / |   
3   X -   -   -   - O   
    | / | \ | / | \ |   
4   X - X -   -   - O   
                        
    0   1   2   3   4  
                        
0   O -   - O -   - O   
    | \ | / | \ | / |   
1     -   -   -   -     
    | / | \ | / | \ |   
2   X -   -   -   -     
    | \ | / | \ | / |   
3   X - X -   -   - O   
    | / | \ | / | \ |   
4   X - X -   -   - O   
                        
[0, 0, 1, 0]
[0, 0, 0, 1]
[0, 2, 0, 1]
[0, 0, 1, 1]
[0, 2, 1, 1]
[0, 2, 1, 2]
[0, 2, 0, 3]
[0, 4, 0, 3]
[0, 2, 1, 3]
[0, 4, 1, 3]
[3, 4, 3, 3]
[4, 4, 3, 3]
[4, 4, 4, 3]
[0, 4, 1, 4]
[3, 4, 2, 4]
    0   1   2   3   4  
                        
0   O -   -   -   - O   
    | \ | / | \ | / |   
1     -   -   - O -     
    | / | \ | / | \ |   
2   X -   -   -   -     
    | \ | / | \ | / |   
3   X - X -   -   - O   
    | / | \ | / | \ |   
4   X - X -   -   - O   
                        
    0   1   2   3   4  
                        
0   O -   -   -   - O   
    | \ | / | \ | / |   
1     -   -   - O -     
    | / | \ | / | \ |   
2   X -   - X -   -     
    | \ | / | \ | / |   
3   X -   -   -   - O   
    | / | \ | / | \ |   
4   X - X -   -   - O   
                        
[0, 0, 1, 0]
[0, 0, 0, 1]
[0, 0, 1, 1]
[1, 3, 3, 1]
[1, 3, 0, 2]
[1, 3, 1, 2]
[1, 3, 0, 3]
[0, 4, 0, 3]
[1, 3, 2, 3]
[3, 4, 3, 3]
[4, 4, 3, 3]
[4, 4, 4, 3]
[1, 3, 1, 4]
[0, 4, 1, 4]
[1, 3, 2, 4]
[3, 4, 2, 4]
Invalid
    0   1   2   3   4  
                        
0   O -   - O -   - O   
    | \ | / | \ | / |   
1     -   -   -   -     
    | / | \ | / | \ |   
2   X -   - X -   -     
    | \ | / | \ | / |   
3   X -   -   -   - O   
    | / | \ | / | \ |   
4   X - X -   -   - O   
                        
    0   1   2   3   4  
                        
0   O -   - O -   - O   
    | \ | / | \ | / |   
1     -   -   -   -     
    | / | \ | / | \ |   
2   X -   -   -   -     
    | \ | / | \ | / |   
3   X - X -   -   - O   
    | / | \ | / | \ |   
4   X - X -   -   - O   
                        
[0, 0, 1, 0]
[0, 0, 0, 1]
[0, 2, 0, 1]
[0, 0, 1, 1]
[0, 2, 1, 1]
[0, 2, 1, 2]
[0, 2, 0, 3]
[0, 4, 0, 3]
[0, 2, 1, 3]
[0, 4, 1, 3]
[3, 4, 3, 3]
[4, 4, 3, 3]
[4, 4, 4, 3]
[0, 4, 1, 4]
[3, 4, 2, 4]
    0   1   2   3   4  
                        
0   O -   -   -   - O   
    | \ | / | \ | / |   
1     -   -   - O -     
    | / | \ | / | \ |   
2   X -   -   -   -     
    | \ | / | \ | / |   
3   X - X -   -   - O   
    | / | \ | / | \ |   
4   X - X -   -   - O   
                        
    0   1   2   3   4  
                        
0   O -   -   -   - O   
    | \ | / | \ | / |   
1     -   -   - O -     
    | / | \ | / | \ |   
2   X -   - X -   -     
    | \ | / | \ | / |   
3   X -   -   -   - O   
    | / | \ | / | \ |   
4   X - X -   -   - O   
                        
[0, 0, 1, 0]
[0, 0, 0, 1]
[0, 0, 1, 1]
[1, 3, 3, 1]
[1, 3, 0, 2]
[1, 3, 1, 2]
[1, 3, 0, 3]
[0, 4, 0, 3]
[1, 3, 2, 3]
[3, 4, 3, 3]
[4, 4, 3, 3]
[4, 4, 4, 3]
[1, 3, 1, 4]
[0, 4, 1, 4]
[1, 3, 2, 4]
[3, 4, 2, 4]
    0   1   2   3   4  
                        
0   O -   -   - O - O   
    | \ | / | \ | / |   
1     -   -   -   -     
    | / | \ | / | \ |   
2   X -   - X -   -     
    | \ | / | \ | / |   
3   X -   -   -   - O   
    | / | \ | / | \ |   
4   X - X -   -   - O   
                        
    0   1   2   3   4  
                        
0   O -   -   - O - O   
    | \ | / | \ | / |   
1     -   -   -   -     
    | / | \ | / | \ |   
2   X -   -   -   -     
    | \ | / | \ | / |   
3   X - X -   -   - O   
    | / | \ | / | \ |   
4   X - X -   -   - O   
                        
[0, 0, 1, 0]
[0, 0, 0, 1]
[0, 0, 1, 1]
[0, 3, 0, 2]
[0, 3, 1, 3]
[0, 4, 1, 3]
[3, 4, 3, 3]
[4, 4, 3, 3]
[4, 4, 4, 3]
[0, 4, 1, 4]
[3, 4, 2, 4]
    0   1   2   3   4  
                        
0   O -   -   - O - O   
    | \ | / | \ | / |   
1     -   -   -   -     
    | / | \ | / | \ |   
2   X -   -   -   -     
    | \ | / | \ | / |   
3   X - X -   - O -     
    | / | \ | / | \ |   
4   X - X -   -   - O   
                        
    0   1   2   3   4  
                        
0   O -   -   - O - O   
    | \ | / | \ | / |   
1     -   -   -   -     
    | / | \ | / | \ |   
2   X -   - X -   -     
    | \ | / | \ | / |   
3   X -   -   - O -     
    | / | \ | / | \ |   
4   X - X -   -   - O   
                        
[0, 0, 1, 0]
[0, 0, 0, 1]
[0, 0, 1, 1]
[3, 3, 1, 1]
[0, 3, 0, 2]
[3, 3, 3, 2]
[3, 3, 4, 2]
[0, 3, 1, 3]
[0, 4, 1, 3]
[3, 3, 2, 3]
[3, 3, 4, 3]
[4, 4, 4, 3]
[0, 4, 1, 4]
[3, 3, 2, 4]
[3, 3, 3, 4]
[4, 4, 3, 4]
    0   1   2   3   4  
                        
0   O -   -   - O - O   
    | \ | / | \ | / |   
1     - O -   -   -     
    | / | \ | / | \ |   
2   X -   -   -   -     
    | \ | / | \ | / |   
3   X -   -   -   -     
    | / | \ | / | \ |   
4   X - X -   -   - O   
                        
    0   1   2   3   4  
                        
0   O -   -   - O - O   
    | \ | / | \ | / |   
1     - O -   -   -     
    | / | \ | / | \ |   
2     -   -   -   -     
    | \ | / | \ | / |   
3   X - X -   -   -     
    | / | \ | / | \ |   
4   X - X -   -   - O   
                        
[0, 0, 1, 0]
[1, 1, 1, 0]
[1, 1, 2, 0]
[0, 0, 0, 1]
[1, 1, 0, 1]
[1, 1, 2, 1]
[1, 1, 0, 2]
[0, 3, 0, 2]
[1, 1, 1, 2]
[1, 1, 2, 2]
[0, 3, 1, 3]
[0, 4, 1, 3]
[4, 4, 3, 3]
[4, 4, 4, 3]
[0, 4, 1, 4]
[4, 4, 3, 4]
    0   1   2   3   4  
                        
0   O - O -   - O - O   
    | \ | / | \ | / |   
1     -   -   -   -     
    | / | \ | / | \ |   
2     -   -   -   -     
    | \ | / | \ | / |   
3   X - X -   -   -     
    | / | \ | / | \ |   
4   X - X -   -   - O   
                        
    0   1   2   3   4  
                        
0   O - O -   - O - O   
    | \ | / | \ | / |   
1     -   -   -   -     
    | / | \ | / | \ |   
2     -   -   -   -     
    | \ | / | \ | / |   
3   X -   - X -   -     
    | / | \ | / | \ |   
4   X - X -   -   - O   
                        
[0, 0, 1, 0]
[0, 0, 1, 1]
[0, 1, 1, 1]
[0, 1, 0, 2]
[0, 3, 0, 2]
[0, 3, 1, 3]
[0, 4, 1, 3]
[4, 4, 3, 3]
[4, 4, 4, 3]
[0, 4, 1, 4]
[4, 4, 3, 4]
    0   1   2   3   4  
                        
0   O -   -   - O - O   
    | \ | / | \ | / |   
1     - O -   -   -     
    | / | \ | / | \ |   
2     -   -   -   -     
    | \ | / | \ | / |   
3   X -   - X -   -     
    | / | \ | / | \ |   
4   X - X -   -   - O   
                        
    0   1   2   3   4  
                        
0   O -   -   - O - O   
    | \ | / | \ | / |   
1     - O -   -   -     
    | / | \ | / | \ |   
2     -   -   -   -     
    | \ | / | \ | / |   
3   X - X -   -   -     
    | / | \ | / | \ |   
4   X - X -   -   - O   
                        
[0, 0, 1, 0]
[1, 1, 1, 0]
[1, 1, 2, 0]
[0, 0, 0, 1]
[1, 1, 0, 1]
[1, 1, 2, 1]
[1, 1, 0, 2]
[0, 3, 0, 2]
[1, 1, 1, 2]
[1, 1, 2, 2]
[0, 3, 1, 3]
[0, 4, 1, 3]
[4, 4, 3, 3]
[4, 4, 4, 3]
[0, 4, 1, 4]
[4, 4, 3, 4]
    0   1   2   3   4  
                        
0   O - O -   - O - O   
    | \ | / | \ | / |   
1     -   -   -   -     
    | / | \ | / | \ |   
2     -   -   -   -     
    | \ | / | \ | / |   
3   X - X -   -   -     
    | / | \ | / | \ |   
4   X - X -   -   - O   
                        
    0   1   2   3   4  
                        
0   O - O -   - O - O   
    | \ | / | \ | / |   
1     -   -   -   -     
    | / | \ | / | \ |   
2     - X -   -   -     
    | \ | / | \ | / |   
3   X -   -   -   -     
    | / | \ | / | \ |   
4   X - X -   -   - O   
                        
[0, 0, 1, 0]
[0, 0, 1, 1]
[0, 1, 1, 1]
[0, 1, 0, 2]
[0, 3, 0, 2]
[0, 3, 1, 3]
[0, 4, 1, 3]
[4, 4, 3, 3]
[4, 4, 4, 3]
[0, 4, 1, 4]
[4, 4, 3, 4]
    0   1   2   3   4  
                        
0   O - O -   - O - O   
    | \ | / | \ | / |   
1     -   -   -   -     
    | / | \ | / | \ |   
2     - X -   -   -     
    | \ | / | \ | / |   
3   X -   -   -   - O   
    | / | \ | / | \ |   
4   X - X -   -   -     
                        
    0   1   2   3   4  
                        
0   O - O -   - O - O   
    | \ | / | \ | / |   
1     -   -   -   -     
    | / | \ | / | \ |   
2     -   -   -   -     
    | \ | / | \ | / |   
3   X - X -   -   - O   
    | / | \ | / | \ |   
4   X - X -   -   -     
                        
[0, 0, 1, 0]
[0, 0, 1, 1]
[0, 1, 1, 1]
[0, 1, 0, 2]
[0, 3, 0, 2]
[0, 3, 1, 3]
[0, 4, 1, 3]
[3, 4, 3, 3]
[0, 4, 1, 4]
[3, 4, 2, 4]
[3, 4, 4, 4]
    0   1   2   3   4  
                        
0   O -   - O - O - O   
    | \ | / | \ | / |   
1     -   -   -   -     
    | / | \ | / | \ |   
2     -   -   -   -     
    | \ | / | \ | / |   
3   X - X -   -   - O   
    | / | \ | / | \ |   
4   X - X -   -   -     
                        
    0   1   2   3   4  
                        
0   O -   - O - O - O   
    | \ | / | \ | / |   
1     -   -   -   -     
    | / | \ | / | \ |   
2   X -   -   -   -     
    | \ | / | \ | / |   
3   X -   -   -   - O   
    | / | \ | / | \ |   
4   X - X -   -   -     
                        
[0, 0, 1, 0]
[0, 0, 0, 1]
[0, 2, 0, 1]
[0, 0, 1, 1]
[0, 2, 1, 1]
[0, 2, 1, 2]
[0, 2, 1, 3]
[0, 3, 1, 3]
[0, 4, 1, 3]
[3, 4, 3, 3]
[0, 4, 1, 4]
[3, 4, 2, 4]
[3, 4, 4, 4]
    0   1   2   3   4  
                        
0   O -   - O -   - O   
    | \ | / | \ | / |   
1     -   -   - O -     
    | / | \ | / | \ |   
2   X -   -   -   -     
    | \ | / | \ | / |   
3   X -   -   -   - O   
    | / | \ | / | \ |   
4   X - X -   -   -     
                        
    0   1   2   3   4  
                        
0   O -   - O -   - O   
    | \ | / | \ | / |   
1     -   -   - O -     
    | / | \ | / | \ |   
2     -   -   -   -     
    | \ | / | \ | / |   
3   X - X -   -   - O   
    | / | \ | / | \ |   
4   X - X -   -   -     
                        
[0, 0, 1, 0]
[0, 0, 0, 1]
[0, 2, 0, 1]
[0, 0, 1, 1]
[0, 2, 1, 1]
[0, 2, 1, 2]
[1, 3, 1, 2]
[1, 3, 2, 2]
[0, 2, 0, 3]
[1, 3, 0, 3]
[0, 4, 0, 3]
[1, 3, 2, 3]
[3, 4, 3, 3]
[1, 3, 1, 4]
[0, 4, 1, 4]
[1, 3, 2, 4]
[3, 4, 2, 4]
[3, 4, 4, 4]
    0   1   2   3   4  
                        
0     -   - O -   - O   
    | \ | / | \ | / |   
1     - O -   - O -     
    | / | \ | / | \ |   
2     -   -   -   -     
    | \ | / | \ | / |   
3   X - X -   -   - O   
    | / | \ | / | \ |   
4   X - X -   -   -     
                        
    0   1   2   3   4  
                        
0     -   - O -   - O   
    | \ | / | \ | / |   
1     - O -   - O -     
    | / | \ | / | \ |   
2     -   -   -   -     
    | \ | / | \ | / |   
3   X -   -   -   - O   
    | / | \ | / | \ |   
4   X - X - X -   -     
                        
Game over: Turn  110 Result  0.0001
    0   1   2   3   4  
                        
0     -   - O -   - O   
    | \ | / | \ | / |   
1     - O -   - O -     
    | / | \ | / | \ |   
2     -   -   -   -     
    | \ | / | \ | / |   
3   X -   -   -   - O   
    | / | \ | / | \ |   
4   X - X - X -   -     
                        
(0, 0, 2)
