12-O  12-X  
8-O  X 3-O  11-X  
11-O  11-X  
11-O  10-X  
10-O  6-X  O 3-X  
9-O  6-X  O 3-X  
8-O  X O 4-X  O 3-X  
8-O  5-X  O 3-X  
7-O  4-X  2-O  3-X  
7-O  4-X  2-O  3-X  
7-O  4-X  2-O  3-X  
7-O  4-X  2-O  3-X  
8-O  3-X  O 3-X  
8-O  2-X  O 3-X  
8-O  5-X  
7-O  5-X  
7-O  5-X  
7-O  5-X  
3-O  X 3-O  4-X  
4-O  X 2-O  4-X  
4-O  X 2-O  4-X  
3-O  X 3-O  4-X  
6-O  5-X  
6-O  5-X  
6-O  5-X  
5-O  X O 4-X  
5-O  X O 3-X  
5-O  4-X  
5-O  4-X  
5-O  4-X  
5-O  4-X  
5-O  4-X  
5-O  4-X  
5-O  4-X  
5-O  4-X  
4-O  X O 3-X  
4-O  X O X 
4-O  X O X 
4-O  X O X 
3-O  X 2-O  X 
3-O  X 2-O  X 
3-O  X 2-O  X 
3-O  X 2-O  X 
3-O  X 2-O  X 
3-O  X 2-O  X 
3-O  X 2-O  X 
3-O  X 2-O  X 
3-O  X 2-O  X 
3-O  2-X  O 
3-O  2-X  O 
3-O  2-X  O 
3-O  2-X  O 
3-O  2-X  O 
2-O  2-X  O 
2-O  2-X  O 
O 2-X  O 
O 2-X  O 
O 2-X  O 
O X O X 
O 2-X  O 
2-X  O 
2-X  O 
2-X  O 
2-X  O 
2-X  O 
2-X  O 
2-X  O 
2-X  O 
2-X  O 
2-X  O 
2-X  O 
2-X  O 
2-X  O 
2-X  O 
2-X  O 
2-X  O 
2-X  O 
2-X  O 
2-X  O 
2-X  O 
2-X  O 
