    0   1   2   3   4  
                        
0   O - O - O - O - O   
    | \ | / | \ | / |   
1   O - O - O - O - O   
    | / | \ | / | \ |   
2   O - O -   - X - X   
    | \ | / | \ | / |   
3   X - X - X - X - X   
    | / | \ | / | \ |   
4   X - X - X - X - X   
                        
    0   1   2   3   4  
                        
0   O - O - O - O - O   
    | \ | / | \ | / |   
1   O - O - O -   - O   
    | / | \ | / | \ |   
2   O - O - O - X - X   
    | \ | / | \ | / |   
3   X - X - X - X - X   
    | / | \ | / | \ |   
4   X - X - X - X - X   
                        
    0   1   2   3   4  
                        
0   O - O - O - O - O   
    | \ | / | \ | / |   
1   O - O - O - X - O   
    | / | \ | / | \ |   
2   O - O -   - X - X   
    | \ | / | \ | / |   
3   X -   - X - X - X   
    | / | \ | / | \ |   
4   X - X - X - X - X   
                        
    0   1   2   3   4  
                        
0   O - O - O - O -     
    | \ | / | \ | / |   
1   O - O - O -   - O   
    | / | \ | / | \ |   
2   O - O - O - X - X   
    | \ | / | \ | / |   
3   X -   - X - X - X   
    | / | \ | / | \ |   
4   X - X - X - X - X   
                        
    0   1   2   3   4  
                        
0   O - O - O - O -     
    | \ | / | \ | / |   
1   O - O - O -   - O   
    | / | \ | / | \ |   
2   O - O - O - X -     
    | \ | / | \ | / |   
3   X - X - X - X - X   
    | / | \ | / | \ |   
4   X -   - X - X - X   
                        
    0   1   2   3   4  
                        
0   O - O - O - O -     
    | \ | / | \ | / |   
1   O - O - O -   - O   
    | / | \ | / | \ |   
2   O -   - O - X -     
    | \ | / | \ | / |   
3   X -   - X - X - X   
    | / | \ | / | \ |   
4   X - O - X - X - X   
                        
    0   1   2   3   4  
                        
0   O - O - O - O -     
    | \ | / | \ | / |   
1   O - O - O -   - O   
    | / | \ | / | \ |   
2   O - X -   -   -     
    | \ | / | \ | / |   
3   X -   - X - X - X   
    | / | \ | / | \ |   
4   X - O - X - X - X   
                        
    0   1   2   3   4  
                        
0   O - O - O - O -     
    | \ | / | \ | / |   
1   O -   - O -   - O   
    | / | \ | / | \ |   
2   O -   -   -   -     
    | \ | / | \ | / |   
3   X - O - X - X - X   
    | / | \ | / | \ |   
4   X - O - X - X - X   
                        
    0   1   2   3   4  
                        
0   O - O - O - O -     
    | \ | / | \ | / |   
1   O -   - O -   - O   
    | / | \ | / | \ |   
2   O -   - X -   -     
    | \ | / | \ | / |   
3   X -   - X - X - X   
    | / | \ | / | \ |   
4     - O - X - X - X   
                        
    0   1   2   3   4  
                        
0   O - O - O - O -     
    | \ | / | \ | / |   
1   O -   - O -   - O   
    | / | \ | / | \ |   
2     -   - X -   -     
    | \ | / | \ | / |   
3     -   - X - X - X   
    | / | \ | / | \ |   
4   O - O - X - X - X   
                        
    0   1   2   3   4  
                        
0   O - O - O - O -     
    | \ | / | \ | / |   
1   O -   - O -   - O   
    | / | \ | / | \ |   
2     -   -   - X -     
    | \ | / | \ | / |   
3     -   - X - X - X   
    | / | \ | / | \ |   
4   O - O - X - X - X   
                        
    0   1   2   3   4  
                        
0     - O - O - O -     
    | \ | / | \ | / |   
1   O - O - O -   - O   
    | / | \ | / | \ |   
2     -   -   - X -     
    | \ | / | \ | / |   
3     -   - X - X - X   
    | / | \ | / | \ |   
4   O - O - X - X - X   
                        
    0   1   2   3   4  
                        
0     - O - O - O -     
    | \ | / | \ | / |   
1   O - O - O -   - O   
    | / | \ | / | \ |   
2     -   -   - X -     
    | \ | / | \ | / |   
3     - X -   - X - X   
    | / | \ | / | \ |   
4   O - O - X - X - X   
                        
    0   1   2   3   4  
                        
0     - O - O - O -     
    | \ | / | \ | / |   
1   O - O - O -   - O   
    | / | \ | / | \ |   
2     -   - O - X -     
    | \ | / | \ | / |   
3     -   -   - X - X   
    | / | \ | / | \ |   
4     - O - X - X - X   
                        
    0   1   2   3   4  
                        
0     - O - O - O -     
    | \ | / | \ | / |   
1   O - O - O -   - O   
    | / | \ | / | \ |   
2     -   -   -   - O   
    | \ | / | \ | / |   
3     -   -   - X - X   
    | / | \ | / | \ |   
4     - O - X - X - X   
                        
    0   1   2   3   4  
                        
0     - O - O - O -     
    | \ | / | \ | / |   
1   O - O - O -   - O   
    | / | \ | / | \ |   
2     -   -   -   - O   
    | \ | / | \ | / |   
3     -   -   - X - X   
    | / | \ | / | \ |   
4   X -   -   - X - X   
                        
    0   1   2   3   4  
                        
0   O - O - O - O -     
    | \ | / | \ | / |   
1     - O - O -   - O   
    | / | \ | / | \ |   
2     -   -   -   -     
    | \ | / | \ | / |   
3     -   -   - X - X   
    | / | \ | / | \ |   
4   X -   -   - X - X   
                        
    0   1   2   3   4  
                        
0   O - O - O - O -     
    | \ | / | \ | / |   
1     - O - O -   - O   
    | / | \ | / | \ |   
2     -   -   -   - X   
    | \ | / | \ | / |   
3     -   -   -   - X   
    | / | \ | / | \ |   
4   X -   -   - X - X   
                        
    0   1   2   3   4  
                        
0     - O - O - O -     
    | \ | / | \ | / |   
1   O - O - O -   - O   
    | / | \ | / | \ |   
2     -   -   -   - X   
    | \ | / | \ | / |   
3     -   -   -   - X   
    | / | \ | / | \ |   
4   X -   -   - X - X   
                        
    0   1   2   3   4  
                        
0     - O - O - O - X   
    | \ | / | \ | / |   
1   O - O - O -   -     
    | / | \ | / | \ |   
2     -   -   -   -     
    | \ | / | \ | / |   
3     -   -   -   - X   
    | / | \ | / | \ |   
4   X -   -   - X - X   
                        
    0   1   2   3   4  
                        
0   O - O - O - O - X   
    | \ | / | \ | / |   
1     - O - O -   -     
    | / | \ | / | \ |   
2     -   -   -   -     
    | \ | / | \ | / |   
3     -   -   -   - X   
    | / | \ | / | \ |   
4   X -   -   - X - X   
                        
    0   1   2   3   4  
                        
0   O - O - O - O - X   
    | \ | / | \ | / |   
1     - O - O -   -     
    | / | \ | / | \ |   
2     -   -   -   -     
    | \ | / | \ | / |   
3     -   -   -   - X   
    | / | \ | / | \ |   
4     - X -   - X - X   
                        
    0   1   2   3   4  
                        
0     - O - O - O - X   
    | \ | / | \ | / |   
1   O - O - O -   -     
    | / | \ | / | \ |   
2     -   -   -   -     
    | \ | / | \ | / |   
3     -   -   -   - X   
    | / | \ | / | \ |   
4     - X -   - X - X   
                        
    0   1   2   3   4  
                        
0     - O - O - O -     
    | \ | / | \ | / |   
1   O - O - O -   - X   
    | / | \ | / | \ |   
2     -   -   -   -     
    | \ | / | \ | / |   
3     -   -   -   - X   
    | / | \ | / | \ |   
4     - X -   - X - X   
                        
    0   1   2   3   4  
                        
0   O - O - O - O -     
    | \ | / | \ | / |   
1     - O - O -   - X   
    | / | \ | / | \ |   
2     -   -   -   -     
    | \ | / | \ | / |   
3     -   -   -   - X   
    | / | \ | / | \ |   
4     - X -   - X - X   
                        
    0   1   2   3   4  
                        
0   O - O - O - O -     
    | \ | / | \ | / |   
1     - O - O -   - X   
    | / | \ | / | \ |   
2     -   -   -   -     
    | \ | / | \ | / |   
3     - X -   -   - X   
    | / | \ | / | \ |   
4     -   -   - X - X   
                        
    0   1   2   3   4  
                        
0   O - O - O - O -     
    | \ | / | \ | / |   
1     - O -   -   - X   
    | / | \ | / | \ |   
2     -   - O -   -     
    | \ | / | \ | / |   
3     - X -   -   - X   
    | / | \ | / | \ |   
4     -   -   - X - X   
                        
    0   1   2   3   4  
                        
0   O - O - O - O -     
    | \ | / | \ | / |   
1     - O -   -   - X   
    | / | \ | / | \ |   
2     -   - O -   -     
    | \ | / | \ | / |   
3     -   -   -   - X   
    | / | \ | / | \ |   
4     -   -   - X - X   
                        
    0   1   2   3   4  
                        
0   O - O - O - O -     
    | \ | / | \ | / |   
1     - O -   -   - X   
    | / | \ | / | \ |   
2     -   -   -   -     
    | \ | / | \ | / |   
3     -   -   - O - X   
    | / | \ | / | \ |   
4     -   -   - X - X   
                        
    0   1   2   3   4  
                        
0   O - O - O - O -     
    | \ | / | \ | / |   
1     - O -   -   - X   
    | / | \ | / | \ |   
2     -   -   -   -     
    | \ | / | \ | / |   
3     -   - X -   -     
    | / | \ | / | \ |   
4     -   -   - X - X   
                        
    0   1   2   3   4  
                        
0     - O - O - O -     
    | \ | / | \ | / |   
1   O - O -   -   - X   
    | / | \ | / | \ |   
2     -   -   -   -     
    | \ | / | \ | / |   
3     -   - X -   -     
    | / | \ | / | \ |   
4     -   -   - X - X   
                        
    0   1   2   3   4  
                        
0     - O - O - O -     
    | \ | / | \ | / |   
1   O - O -   -   - X   
    | / | \ | / | \ |   
2     -   -   -   -     
    | \ | / | \ | / |   
3     -   -   -   -     
    | / | \ | / | \ |   
4     -   - X - X - X   
                        
    0   1   2   3   4  
                        
0   O - O - O - O -     
    | \ | / | \ | / |   
1     - O -   -   - X   
    | / | \ | / | \ |   
2     -   -   -   -     
    | \ | / | \ | / |   
3     -   -   -   -     
    | / | \ | / | \ |   
4     -   - X - X - X   
                        
    0   1   2   3   4  
                        
0   O - O - O - O -     
    | \ | / | \ | / |   
1     - O -   -   - X   
    | / | \ | / | \ |   
2     -   -   -   -     
    | \ | / | \ | / |   
3     -   -   - X -     
    | / | \ | / | \ |   
4     -   - X - X -     
                        
    0   1   2   3   4  
                        
0   O - O - O - O -     
    | \ | / | \ | / |   
1     -   - O -   - X   
    | / | \ | / | \ |   
2     -   -   -   -     
    | \ | / | \ | / |   
3     -   -   - X -     
    | / | \ | / | \ |   
4     -   - X - X -     
                        
    0   1   2   3   4  
                        
0   O - O - O - O -     
    | \ | / | \ | / |   
1     -   - O -   - X   
    | / | \ | / | \ |   
2     -   -   -   -     
    | \ | / | \ | / |   
3     - X -   - X -     
    | / | \ | / | \ |   
4     -   -   - X -     
                        
    0   1   2   3   4  
                        
0   O - O - O - O -     
    | \ | / | \ | / |   
1     -   -   -   - X   
    | / | \ | / | \ |   
2     -   - O -   -     
    | \ | / | \ | / |   
3     - X -   - X -     
    | / | \ | / | \ |   
4     -   -   - X -     
                        
    0   1   2   3   4  
                        
0   O - O - O - O -     
    | \ | / | \ | / |   
1     -   -   -   - X   
    | / | \ | / | \ |   
2     -   - O -   -     
    | \ | / | \ | / |   
3     -   -   -   -     
    | / | \ | / | \ |   
4     -   -   - X -     
                        
    0   1   2   3   4  
                        
0   O - O - O - O -     
    | \ | / | \ | / |   
1     -   -   -   - X   
    | / | \ | / | \ |   
2     -   -   -   -     
    | \ | / | \ | / |   
3     - O -   -   -     
    | / | \ | / | \ |   
4     -   -   - X -     
                        
    0   1   2   3   4  
                        
0   O - O - O - O - X   
    | \ | / | \ | / |   
1     -   -   -   -     
    | / | \ | / | \ |   
2     -   -   -   -     
    | \ | / | \ | / |   
3     - O -   -   -     
    | / | \ | / | \ |   
4     -   -   - X -     
                        
    0   1   2   3   4  
                        
0   O -   - O - O - X   
    | \ | / | \ | / |   
1     - O -   -   -     
    | / | \ | / | \ |   
2     -   -   -   -     
    | \ | / | \ | / |   
3     - O -   -   -     
    | / | \ | / | \ |   
4     -   -   - X -     
                        
    0   1   2   3   4  
                        
0   O -   - O - O - X   
    | \ | / | \ | / |   
1     - O -   -   -     
    | / | \ | / | \ |   
2     -   -   -   -     
    | \ | / | \ | / |   
3     - O -   -   -     
    | / | \ | / | \ |   
4     -   - X -   -     
                        
    0   1   2   3   4  
                        
0   O -   - O - O - X   
    | \ | / | \ | / |   
1     - O -   -   -     
    | / | \ | / | \ |   
2     -   -   -   -     
    | \ | / | \ | / |   
3   O -   -   -   -     
    | / | \ | / | \ |   
4     -   - X -   -     
                        
    0   1   2   3   4  
                        
0   O -   - O - O - X   
    | \ | / | \ | / |   
1     - O -   -   -     
    | / | \ | / | \ |   
2     -   -   -   -     
    | \ | / | \ | / |   
3   O -   -   -   -     
    | / | \ | / | \ |   
4     -   -   - X -     
                        
    0   1   2   3   4  
                        
0     - O - O - O - X   
    | \ | / | \ | / |   
1     - O -   -   -     
    | / | \ | / | \ |   
2     -   -   -   -     
    | \ | / | \ | / |   
3   O -   -   -   -     
    | / | \ | / | \ |   
4     -   -   - X -     
                        
    0   1   2   3   4  
                        
0     - O - O - O - X   
    | \ | / | \ | / |   
1     - O -   -   -     
    | / | \ | / | \ |   
2     -   -   -   -     
    | \ | / | \ | / |   
3   O -   -   -   -     
    | / | \ | / | \ |   
4     -   - X -   -     
                        
    0   1   2   3   4  
                        
0     - O - O - O - X   
    | \ | / | \ | / |   
1     -   -   -   -     
    | / | \ | / | \ |   
2     -   - O -   -     
    | \ | / | \ | / |   
3   O -   -   -   -     
    | / | \ | / | \ |   
4     -   - X -   -     
                        
    0   1   2   3   4  
                        
0     - O - O - O - X   
    | \ | / | \ | / |   
1     -   -   -   -     
    | / | \ | / | \ |   
2     -   - O -   -     
    | \ | / | \ | / |   
3   O -   -   -   -     
    | / | \ | / | \ |   
4     - X -   -   -     
                        
    0   1   2   3   4  
                        
0     - O - O - O - X   
    | \ | / | \ | / |   
1     -   -   -   -     
    | / | \ | / | \ |   
2     -   -   -   -     
    | \ | / | \ | / |   
3   O - O -   -   -     
    | / | \ | / | \ |   
4     - X -   -   -     
                        
    0   1   2   3   4  
                        
0     - O - O - O - X   
    | \ | / | \ | / |   
1     -   -   -   -     
    | / | \ | / | \ |   
2     - X -   -   -     
    | \ | / | \ | / |   
3   O -   -   -   -     
    | / | \ | / | \ |   
4     -   -   -   -     
                        
    0   1   2   3   4  
                        
0     - O - O - O - X   
    | \ | / | \ | / |   
1     -   -   -   -     
    | / | \ | / | \ |   
2     - X -   -   -     
    | \ | / | \ | / |   
3     -   -   -   -     
    | / | \ | / | \ |   
4   O -   -   -   -     
                        
    0   1   2   3   4  
                        
0     - O - O - O - X   
    | \ | / | \ | / |   
1     -   -   -   -     
    | / | \ | / | \ |   
2   X -   -   -   -     
    | \ | / | \ | / |   
3     -   -   -   -     
    | / | \ | / | \ |   
4   O -   -   -   -     
                        
    0   1   2   3   4  
                        
0     - O - O - O - X   
    | \ | / | \ | / |   
1     -   -   -   -     
    | / | \ | / | \ |   
2   X -   -   -   -     
    | \ | / | \ | / |   
3     -   -   -   -     
    | / | \ | / | \ |   
4     - O -   -   -     
                        
    0   1   2   3   4  
                        
0     - O - O - O - X   
    | \ | / | \ | / |   
1   X -   -   -   -     
    | / | \ | / | \ |   
2     -   -   -   -     
    | \ | / | \ | / |   
3     -   -   -   -     
    | / | \ | / | \ |   
4     - O -   -   -     
                        
    0   1   2   3   4  
                        
0     - O -   - O - X   
    | \ | / | \ | / |   
1   X -   -   - O -     
    | / | \ | / | \ |   
2     -   -   -   -     
    | \ | / | \ | / |   
3     -   -   -   -     
    | / | \ | / | \ |   
4     - O -   -   -     
                        
    0   1   2   3   4  
                        
0     - O - X -   -     
    | \ | / | \ | / |   
1   X -   -   - O -     
    | / | \ | / | \ |   
2     -   -   -   -     
    | \ | / | \ | / |   
3     -   -   -   -     
    | / | \ | / | \ |   
4     - O -   -   -     
                        
    0   1   2   3   4  
                        
0   X -   -   -   -     
    | \ | / | \ | / |   
1   X -   -   - O -     
    | / | \ | / | \ |   
2     -   -   -   -     
    | \ | / | \ | / |   
3     -   -   -   -     
    | / | \ | / | \ |   
4     - O -   -   -     
                        
    0   1   2   3   4  
                        
0   X -   -   -   -     
    | \ | / | \ | / |   
1   X -   -   -   -     
    | / | \ | / | \ |   
2     -   - O -   -     
    | \ | / | \ | / |   
3     -   -   -   -     
    | / | \ | / | \ |   
4     - O -   -   -     
                        
    0   1   2   3   4  
                        
0   X -   -   -   -     
    | \ | / | \ | / |   
1     -   -   -   -     
    | / | \ | / | \ |   
2   X -   - O -   -     
    | \ | / | \ | / |   
3     -   -   -   -     
    | / | \ | / | \ |   
4     - O -   -   -     
                        
    0   1   2   3   4  
                        
0   X -   -   -   -     
    | \ | / | \ | / |   
1     - O -   -   -     
    | / | \ | / | \ |   
2   X -   -   -   -     
    | \ | / | \ | / |   
3     -   -   -   -     
    | / | \ | / | \ |   
4     - O -   -   -     
                        
    0   1   2   3   4  
                        
0     -   -   -   -     
    | \ | / | \ | / |   
1     -   -   -   -     
    | / | \ | / | \ |   
2   X -   - X -   -     
    | \ | / | \ | / |   
3     -   -   -   -     
    | / | \ | / | \ |   
4     - O -   -   -     
                        
    0   1   2   3   4  
                        
0     -   -   -   -     
    | \ | / | \ | / |   
1     -   -   -   -     
    | / | \ | / | \ |   
2   X -   - X -   -     
    | \ | / | \ | / |   
3     -   -   -   -     
    | / | \ | / | \ |   
4     -   - O -   -     
                        
    0   1   2   3   4  
                        
0     -   -   -   -     
    | \ | / | \ | / |   
1   X -   -   -   -     
    | / | \ | / | \ |   
2     -   - X -   -     
    | \ | / | \ | / |   
3     -   -   -   -     
    | / | \ | / | \ |   
4     -   - O -   -     
                        
    0   1   2   3   4  
                        
0     -   -   -   -     
    | \ | / | \ | / |   
1   X -   -   -   -     
    | / | \ | / | \ |   
2     -   - X -   -     
    | \ | / | \ | / |   
3     -   -   -   -     
    | / | \ | / | \ |   
4     - O -   -   -     
                        
    0   1   2   3   4  
                        
0     -   -   -   -     
    | \ | / | \ | / |   
1   X -   -   -   -     
    | / | \ | / | \ |   
2     - X -   -   -     
    | \ | / | \ | / |   
3     -   -   -   -     
    | / | \ | / | \ |   
4     - O -   -   -     
                        
    0   1   2   3   4  
                        
0     -   -   -   -     
    | \ | / | \ | / |   
1   X -   -   -   -     
    | / | \ | / | \ |   
2     - X -   -   -     
    | \ | / | \ | / |   
3     -   -   -   -     
    | / | \ | / | \ |   
4     -   - O -   -     
                        
    0   1   2   3   4  
                        
0     -   -   -   -     
    | \ | / | \ | / |   
1   X -   -   -   -     
    | / | \ | / | \ |   
2     -   - X -   -     
    | \ | / | \ | / |   
3     -   -   -   -     
    | / | \ | / | \ |   
4     -   - O -   -     
                        
    0   1   2   3   4  
                        
0     -   -   -   -     
    | \ | / | \ | / |   
1   X -   -   -   -     
    | / | \ | / | \ |   
2     -   - X -   -     
    | \ | / | \ | / |   
3     -   -   -   -     
    | / | \ | / | \ |   
4     - O -   -   -     
                        
    0   1   2   3   4  
                        
0     -   -   -   -     
    | \ | / | \ | / |   
1   X -   -   -   -     
    | / | \ | / | \ |   
2     - X -   -   -     
    | \ | / | \ | / |   
3     -   -   -   -     
    | / | \ | / | \ |   
4     - O -   -   -     
                        
    0   1   2   3   4  
                        
0     -   -   -   -     
    | \ | / | \ | / |   
1   X -   -   -   -     
    | / | \ | / | \ |   
2     - X -   -   -     
    | \ | / | \ | / |   
3     -   -   -   -     
    | / | \ | / | \ |   
4     -   - O -   -     
                        
    0   1   2   3   4  
                        
0     -   -   -   -     
    | \ | / | \ | / |   
1   X -   -   -   -     
    | / | \ | / | \ |   
2     -   - X -   -     
    | \ | / | \ | / |   
3     -   -   -   -     
    | / | \ | / | \ |   
4     -   - O -   -     
                        
    0   1   2   3   4  
                        
0     -   -   -   -     
    | \ | / | \ | / |   
1   X -   -   -   -     
    | / | \ | / | \ |   
2     -   - X -   -     
    | \ | / | \ | / |   
3     -   -   -   -     
    | / | \ | / | \ |   
4     - O -   -   -     
                        
    0   1   2   3   4  
                        
0     -   -   -   -     
    | \ | / | \ | / |   
1   X -   -   -   -     
    | / | \ | / | \ |   
2     - X -   -   -     
    | \ | / | \ | / |   
3     -   -   -   -     
    | / | \ | / | \ |   
4     - O -   -   -     
                        
    0   1   2   3   4  
                        
0     -   -   -   -     
    | \ | / | \ | / |   
1   X -   -   -   -     
    | / | \ | / | \ |   
2     - X -   -   -     
    | \ | / | \ | / |   
3     -   -   -   -     
    | / | \ | / | \ |   
4     -   - O -   -     
                        
    0   1   2   3   4  
                        
0     -   -   -   -     
    | \ | / | \ | / |   
1   X -   -   -   -     
    | / | \ | / | \ |   
2     -   - X -   -     
    | \ | / | \ | / |   
3     -   -   -   -     
    | / | \ | / | \ |   
4     -   - O -   -     
                        
    0   1   2   3   4  
                        
0     -   -   -   -     
    | \ | / | \ | / |   
1   X -   -   -   -     
    | / | \ | / | \ |   
2     -   - X -   -     
    | \ | / | \ | / |   
3     -   -   -   -     
    | / | \ | / | \ |   
4     - O -   -   -     
                        
    0   1   2   3   4  
                        
0     -   -   -   -     
    | \ | / | \ | / |   
1   X -   -   -   -     
    | / | \ | / | \ |   
2     - X -   -   -     
    | \ | / | \ | / |   
3     -   -   -   -     
    | / | \ | / | \ |   
4     - O -   -   -     
                        
    0   1   2   3   4  
                        
0     -   -   -   -     
    | \ | / | \ | / |   
1   X -   -   -   -     
    | / | \ | / | \ |   
2     - X -   -   -     
    | \ | / | \ | / |   
3     -   -   -   -     
    | / | \ | / | \ |   
4     -   - O -   -     
                        
    0   1   2   3   4  
                        
0     -   -   -   -     
    | \ | / | \ | / |   
1   X -   -   -   -     
    | / | \ | / | \ |   
2     -   - X -   -     
    | \ | / | \ | / |   
3     -   -   -   -     
    | / | \ | / | \ |   
4     -   - O -   -     
                        
    0   1   2   3   4  
                        
0     -   -   -   -     
    | \ | / | \ | / |   
1   X -   -   -   -     
    | / | \ | / | \ |   
2     -   - X -   -     
    | \ | / | \ | / |   
3     -   -   -   -     
    | / | \ | / | \ |   
4     - O -   -   -     
                        
    0   1   2   3   4  
                        
0     -   -   -   -     
    | \ | / | \ | / |   
1   X -   -   -   -     
    | / | \ | / | \ |   
2     - X -   -   -     
    | \ | / | \ | / |   
3     -   -   -   -     
    | / | \ | / | \ |   
4     - O -   -   -     
                        
Game over: Turn  110 Result  0.0001
    0   1   2   3   4  
                        
0     -   -   -   -     
    | \ | / | \ | / |   
1   X -   -   -   -     
    | / | \ | / | \ |   
2     - X -   -   -     
    | \ | / | \ | / |   
3     -   -   -   -     
    | / | \ | / | \ |   
4     - O -   -   -     
                        
    0   1   2   3   4  
                        
0   O - O - O - O - O   
    | \ | / | \ | / |   
1   O - O - O - O - O   
    | / | \ | / | \ |   
2   O - O -   - X - X   
    | \ | / | \ | / |   
3   X - X - X - X - X   
    | / | \ | / | \ |   
4   X - X - X - X - X   
                        
    0   1   2   3   4  
                        
0   O - O - O - O - O   
    | \ | / | \ | / |   
1   O - O - O -   - O   
    | / | \ | / | \ |   
2   O - O - O - X - X   
    | \ | / | \ | / |   
3   X - X - X - X - X   
    | / | \ | / | \ |   
4   X - X - X - X - X   
                        
    0   1   2   3   4  
                        
0   O - O - O - O - O   
    | \ | / | \ | / |   
1   O - O - O - X - O   
    | / | \ | / | \ |   
2   O - O -   - X - X   
    | \ | / | \ | / |   
3   X -   - X - X - X   
    | / | \ | / | \ |   
4   X - X - X - X - X   
                        
    0   1   2   3   4  
                        
0   O - O - O - O -     
    | \ | / | \ | / |   
1   O - O - O -   - O   
    | / | \ | / | \ |   
2   O - O - O - X - X   
    | \ | / | \ | / |   
3   X -   - X - X - X   
    | / | \ | / | \ |   
4   X - X - X - X - X   
                        
    0   1   2   3   4  
                        
0   O - O - O - O - X   
    | \ | / | \ | / |   
1   O - O - O -   -     
    | / | \ | / | \ |   
2   O - O - O - X -     
    | \ | / | \ | / |   
3   X -   - X - X - X   
    | / | \ | / | \ |   
4   X - X - X - X - X   
                        
Invalid
    0   1   2   3   4  
                        
0   O - O - O - O - X   
    | \ | / | \ | / |   
1   O - O - O -   -     
    | / | \ | / | \ |   
2   O - O -   - X -     
    | \ | / | \ | / |   
3   X -   - X - X - X   
    | / | \ | / | \ |   
4   X - X - X - X - X   
                        
    0   1   2   3   4  
                        
0   O - O - O - O - X   
    | \ | / | \ | / |   
1   O - O - O -   -     
    | / | \ | / | \ |   
2   O - O - X - X -     
    | \ | / | \ | / |   
3   X -   - X -   - X   
    | / | \ | / | \ |   
4   X - X - X - X - X   
                        
    0   1   2   3   4  
                        
0   O - O - O - O - X   
    | \ | / | \ | / |   
1   O -   - O -   -     
    | / | \ | / | \ |   
2   O - O -   - X -     
    | \ | / | \ | / |   
3   X -   - X - O - X   
    | / | \ | / | \ |   
4   X - X - X - X - X   
                        
    0   1   2   3   4  
                        
0   O - O - O - O - X   
    | \ | / | \ | / |   
1   O -   - O -   -     
    | / | \ | / | \ |   
2   O - O -   - X -     
    | \ | / | \ | / |   
3   X - O -   -   - X   
    | / | \ | / | \ |   
4   X - X - X - X - X   
                        
    0   1   2   3   4  
                        
0   O - O - O - O - X   
    | \ | / | \ | / |   
1   O -   - O -   -     
    | / | \ | / | \ |   
2   O - O -   - X -     
    | \ | / | \ | / |   
3     -   - X -   - X   
    | / | \ | / | \ |   
4   X - X - X - X - X   
                        
    0   1   2   3   4  
                        
0   O - O - O - O - X   
    | \ | / | \ | / |   
1   O -   - O -   -     
    | / | \ | / | \ |   
2   O -   -   - X -     
    | \ | / | \ | / |   
3     - O - X -   - X   
    | / | \ | / | \ |   
4   X - X - X - X - X   
                        
    0   1   2   3   4  
                        
0   O - O - O - O - X   
    | \ | / | \ | / |   
1   O -   - O -   -     
    | / | \ | / | \ |   
2   O -   - X - X -     
    | \ | / | \ | / |   
3     -   - X -   - X   
    | / | \ | / | \ |   
4     - X - X - X - X   
                        
    0   1   2   3   4  
                        
0     - O - O - O - X   
    | \ | / | \ | / |   
1   O - O - O -   -     
    | / | \ | / | \ |   
2   O -   - X - X -     
    | \ | / | \ | / |   
3     -   - X -   - X   
    | / | \ | / | \ |   
4     - X - X - X - X   
                        
    0   1   2   3   4  
                        
0   X - O - O - O - X   
    | \ | / | \ | / |   
1   O -   - O -   -     
    | / | \ | / | \ |   
2   O -   -   - X -     
    | \ | / | \ | / |   
3     -   - X -   - X   
    | / | \ | / | \ |   
4     - X - X - X - X   
                        
    0   1   2   3   4  
                        
0   X - O - O - O - X   
    | \ | / | \ | / |   
1   O -   -   -   -     
    | / | \ | / | \ |   
2   O -   - O - X -     
    | \ | / | \ | / |   
3     -   - X -   - X   
    | / | \ | / | \ |   
4     - X - X - X - X   
                        
    0   1   2   3   4  
                        
0   X - O - O - O - X   
    | \ | / | \ | / |   
1   O -   - X -   -     
    | / | \ | / | \ |   
2   O -   -   - X -     
    | \ | / | \ | / |   
3     -   -   -   - X   
    | / | \ | / | \ |   
4     - X - X - X - X   
                        
    0   1   2   3   4  
                        
0   X - O -   - O - X   
    | \ | / | \ | / |   
1   O -   -   -   -     
    | / | \ | / | \ |   
2   O -   - O - X -     
    | \ | / | \ | / |   
3     -   -   -   - X   
    | / | \ | / | \ |   
4     - X - X - X - X   
                        
    0   1   2   3   4  
                        
0   X - O -   - O - X   
    | \ | / | \ | / |   
1   O -   -   -   -     
    | / | \ | / | \ |   
2   O -   -   -   - O   
    | \ | / | \ | / |   
3     -   -   -   - X   
    | / | \ | / | \ |   
4     - X - X - X - X   
                        
    0   1   2   3   4  
                        
0     -   - X - O - X   
    | \ | / | \ | / |   
1   O -   -   -   -     
    | / | \ | / | \ |   
2   O -   -   -   - O   
    | \ | / | \ | / |   
3     -   -   -   - X   
    | / | \ | / | \ |   
4     - X - X - X - X   
                        
    0   1   2   3   4  
                        
0     - O -   -   - X   
    | \ | / | \ | / |   
1   O -   -   -   -     
    | / | \ | / | \ |   
2   O -   -   -   - O   
    | \ | / | \ | / |   
3     -   -   -   - X   
    | / | \ | / | \ |   
4     - X - X - X - X   
                        
    0   1   2   3   4  
                        
0     - O -   -   - X   
    | \ | / | \ | / |   
1   O -   -   -   - X   
    | / | \ | / | \ |   
2   O -   -   -   -     
    | \ | / | \ | / |   
3     -   -   -   -     
    | / | \ | / | \ |   
4     - X - X - X - X   
                        
    0   1   2   3   4  
                        
0   O - O -   -   - X   
    | \ | / | \ | / |   
1     -   -   -   - X   
    | / | \ | / | \ |   
2   O -   -   -   -     
    | \ | / | \ | / |   
3     -   -   -   -     
    | / | \ | / | \ |   
4     - X - X - X - X   
                        
    0   1   2   3   4  
                        
0   O - O -   -   - X   
    | \ | / | \ | / |   
1     -   -   -   - X   
    | / | \ | / | \ |   
2   O -   -   -   -     
    | \ | / | \ | / |   
3     -   - X -   -     
    | / | \ | / | \ |   
4     - X -   - X - X   
                        
    0   1   2   3   4  
                        
0   O - O -   -   - X   
    | \ | / | \ | / |   
1     - O -   -   - X   
    | / | \ | / | \ |   
2     -   -   -   -     
    | \ | / | \ | / |   
3     -   - X -   -     
    | / | \ | / | \ |   
4     - X -   - X - X   
                        
    0   1   2   3   4  
                        
0   O - O -   -   - X   
    | \ | / | \ | / |   
1     - O -   -   - X   
    | / | \ | / | \ |   
2     -   -   -   -     
    | \ | / | \ | / |   
3     -   -   -   -     
    | / | \ | / | \ |   
4     - X - X - X - X   
                        
    0   1   2   3   4  
                        
0   O - O - O -   - X   
    | \ | / | \ | / |   
1     -   -   -   - X   
    | / | \ | / | \ |   
2     -   -   -   -     
    | \ | / | \ | / |   
3     -   -   -   -     
    | / | \ | / | \ |   
4     - X - X - X - X   
                        
    0   1   2   3   4  
                        
0   O - O - O -   - X   
    | \ | / | \ | / |   
1     -   -   -   - X   
    | / | \ | / | \ |   
2     -   -   -   -     
    | \ | / | \ | / |   
3     -   - X -   -     
    | / | \ | / | \ |   
4     - X -   - X - X   
                        
    0   1   2   3   4  
                        
0   O - O -   - O - X   
    | \ | / | \ | / |   
1     -   -   -   - X   
    | / | \ | / | \ |   
2     -   -   -   -     
    | \ | / | \ | / |   
3     -   - X -   -     
    | / | \ | / | \ |   
4     - X -   - X - X   
                        
    0   1   2   3   4  
                        
0   O - O -   - O -     
    | \ | / | \ | / |   
1     -   -   -   - X   
    | / | \ | / | \ |   
2     -   -   -   -     
    | \ | / | \ | / |   
3     - X - X -   -     
    | / | \ | / | \ |   
4     -   -   - X - X   
                        
    0   1   2   3   4  
                        
0   O - O - O -   -     
    | \ | / | \ | / |   
1     -   -   -   - X   
    | / | \ | / | \ |   
2     -   -   -   -     
    | \ | / | \ | / |   
3     - X - X -   -     
    | / | \ | / | \ |   
4     -   -   - X - X   
                        
    0   1   2   3   4  
                        
0   O - O - O -   -     
    | \ | / | \ | / |   
1     -   -   -   - X   
    | / | \ | / | \ |   
2     -   -   -   -     
    | \ | / | \ | / |   
3     -   - X -   -     
    | / | \ | / | \ |   
4     - X -   - X - X   
                        
    0   1   2   3   4  
                        
0   O - O -   - O -     
    | \ | / | \ | / |   
1     -   -   -   - X   
    | / | \ | / | \ |   
2     -   -   -   -     
    | \ | / | \ | / |   
3     -   - X -   -     
    | / | \ | / | \ |   
4     - X -   - X - X   
                        
    0   1   2   3   4  
                        
0   O - O -   - O -     
    | \ | / | \ | / |   
1     -   -   -   - X   
    | / | \ | / | \ |   
2     -   -   -   -     
    | \ | / | \ | / |   
3     -   -   -   -     
    | / | \ | / | \ |   
4     - X - X - X - X   
                        
    0   1   2   3   4  
                        
0   O - O - O -   -     
    | \ | / | \ | / |   
1     -   -   -   - X   
    | / | \ | / | \ |   
2     -   -   -   -     
    | \ | / | \ | / |   
3     -   -   -   -     
    | / | \ | / | \ |   
4     - X - X - X - X   
                        
    0   1   2   3   4  
                        
0   O - O - O -   -     
    | \ | / | \ | / |   
1     -   -   -   - X   
    | / | \ | / | \ |   
2     -   -   -   -     
    | \ | / | \ | / |   
3     -   - X -   -     
    | / | \ | / | \ |   
4     - X -   - X - X   
                        
Invalid
    0   1   2   3   4  
                        
0     - O - O -   -     
    | \ | / | \ | / |   
1   O -   -   -   - X   
    | / | \ | / | \ |   
2     -   -   -   -     
    | \ | / | \ | / |   
3     -   - X -   -     
    | / | \ | / | \ |   
4     - X -   - X - X   
                        
    0   1   2   3   4  
                        
0     - O - O -   -     
    | \ | / | \ | / |   
1   O -   -   -   - X   
    | / | \ | / | \ |   
2     -   -   -   -     
    | \ | / | \ | / |   
3     -   -   -   -     
    | / | \ | / | \ |   
4     - X - X - X - X   
                        
    0   1   2   3   4  
                        
0     - O -   - O -     
    | \ | / | \ | / |   
1   O -   -   -   - X   
    | / | \ | / | \ |   
2     -   -   -   -     
    | \ | / | \ | / |   
3     -   -   -   -     
    | / | \ | / | \ |   
4     - X - X - X - X   
                        
    0   1   2   3   4  
                        
0     - O -   - O -     
    | \ | / | \ | / |   
1   O -   -   -   - X   
    | / | \ | / | \ |   
2     -   -   -   -     
    | \ | / | \ | / |   
3     -   - X -   -     
    | / | \ | / | \ |   
4     - X -   - X - X   
                        
    0   1   2   3   4  
                        
0     - O -   - O -     
    | \ | / | \ | / |   
1     - O -   -   - X   
    | / | \ | / | \ |   
2     -   -   -   -     
    | \ | / | \ | / |   
3     -   - X -   -     
    | / | \ | / | \ |   
4     - X -   - X - X   
                        
    0   1   2   3   4  
                        
0     - O -   - O -     
    | \ | / | \ | / |   
1     - O -   -   - X   
    | / | \ | / | \ |   
2     -   -   -   -     
    | \ | / | \ | / |   
3     -   -   -   -     
    | / | \ | / | \ |   
4     - X - X - X - X   
                        
    0   1   2   3   4  
                        
0     - O -   - O -     
    | \ | / | \ | / |   
1     -   -   -   - X   
    | / | \ | / | \ |   
2     - O -   -   -     
    | \ | / | \ | / |   
3     -   -   -   -     
    | / | \ | / | \ |   
4     - X - X - X - X   
                        
    0   1   2   3   4  
                        
0     - O -   - O -     
    | \ | / | \ | / |   
1     -   -   -   - X   
    | / | \ | / | \ |   
2     - O -   -   -     
    | \ | / | \ | / |   
3     -   - X -   -     
    | / | \ | / | \ |   
4     - X -   - X - X   
                        
    0   1   2   3   4  
                        
0   O -   -   - O -     
    | \ | / | \ | / |   
1     -   -   -   - X   
    | / | \ | / | \ |   
2     - O -   -   -     
    | \ | / | \ | / |   
3     -   - X -   -     
    | / | \ | / | \ |   
4     - X -   - X - X   
                        
    0   1   2   3   4  
                        
0   O -   -   - O -     
    | \ | / | \ | / |   
1     -   -   -   - X   
    | / | \ | / | \ |   
2     - O -   -   -     
    | \ | / | \ | / |   
3     -   -   -   -     
    | / | \ | / | \ |   
4     - X - X - X - X   
                        
    0   1   2   3   4  
                        
0   O -   - O -   -     
    | \ | / | \ | / |   
1     -   -   -   - X   
    | / | \ | / | \ |   
2     - O -   -   -     
    | \ | / | \ | / |   
3     -   -   -   -     
    | / | \ | / | \ |   
4     - X - X - X - X   
                        
    0   1   2   3   4  
                        
0   O -   - O -   -     
    | \ | / | \ | / |   
1     -   -   -   - X   
    | / | \ | / | \ |   
2     - O -   -   -     
    | \ | / | \ | / |   
3     -   - X -   -     
    | / | \ | / | \ |   
4     - X -   - X - X   
                        
    0   1   2   3   4  
                        
0   O - O -   -   -     
    | \ | / | \ | / |   
1     -   -   -   - X   
    | / | \ | / | \ |   
2     - O -   -   -     
    | \ | / | \ | / |   
3     -   - X -   -     
    | / | \ | / | \ |   
4     - X -   - X - X   
                        
    0   1   2   3   4  
                        
0   O - O -   -   -     
    | \ | / | \ | / |   
1     -   -   -   - X   
    | / | \ | / | \ |   
2     - O -   -   -     
    | \ | / | \ | / |   
3     - X -   -   -     
    | / | \ | / | \ |   
4     - X -   - X - X   
                        
    0   1   2   3   4  
                        
0   O - O -   -   -     
    | \ | / | \ | / |   
1     -   -   -   - X   
    | / | \ | / | \ |   
2   O -   -   -   -     
    | \ | / | \ | / |   
3     - X -   -   -     
    | / | \ | / | \ |   
4     - X -   - X - X   
                        
    0   1   2   3   4  
                        
0   O - O -   -   -     
    | \ | / | \ | / |   
1     -   -   -   - X   
    | / | \ | / | \ |   
2   O -   -   -   -     
    | \ | / | \ | / |   
3   X -   -   -   -     
    | / | \ | / | \ |   
4     - X -   - X - X   
                        
Invalid
    0   1   2   3   4  
                        
0   O - O -   -   -     
    | \ | / | \ | / |   
1     -   -   -   - X   
    | / | \ | / | \ |   
2     -   -   -   -     
    | \ | / | \ | / |   
3     -   -   -   -     
    | / | \ | / | \ |   
4   O - X -   - X - X   
                        
    0   1   2   3   4  
                        
0   O - O -   -   -     
    | \ | / | \ | / |   
1     -   -   -   - X   
    | / | \ | / | \ |   
2     -   -   -   -     
    | \ | / | \ | / |   
3     -   -   -   -     
    | / | \ | / | \ |   
4     -   - O - X - X   
                        
    0   1   2   3   4  
                        
0   O - O -   -   -     
    | \ | / | \ | / |   
1     -   -   -   - X   
    | / | \ | / | \ |   
2     -   -   -   -     
    | \ | / | \ | / |   
3     -   -   -   -     
    | / | \ | / | \ |   
4     - X -   -   - X   
                        
    0   1   2   3   4  
                        
0   O -   - O -   -     
    | \ | / | \ | / |   
1     -   -   -   - X   
    | / | \ | / | \ |   
2     -   -   -   -     
    | \ | / | \ | / |   
3     -   -   -   -     
    | / | \ | / | \ |   
4     - X -   -   - X   
                        
    0   1   2   3   4  
                        
0   O -   - O -   -     
    | \ | / | \ | / |   
1     -   -   - X -     
    | / | \ | / | \ |   
2     -   -   -   -     
    | \ | / | \ | / |   
3     -   -   -   -     
    | / | \ | / | \ |   
4     - X -   -   - X   
                        
Invalid
    0   1   2   3   4  
                        
0   O -   -   -   -     
    | \ | / | \ | / |   
1     -   -   -   -     
    | / | \ | / | \ |   
2     -   -   -   - O   
    | \ | / | \ | / |   
3     -   -   -   -     
    | / | \ | / | \ |   
4     - X -   -   - X   
                        
    0   1   2   3   4  
                        
0   O -   -   -   -     
    | \ | / | \ | / |   
1     -   -   -   -     
    | / | \ | / | \ |   
2     -   -   -   - O   
    | \ | / | \ | / |   
3     - X -   -   -     
    | / | \ | / | \ |   
4     -   -   -   - X   
                        
    0   1   2   3   4  
                        
0     - O -   -   -     
    | \ | / | \ | / |   
1     -   -   -   -     
    | / | \ | / | \ |   
2     -   -   -   - O   
    | \ | / | \ | / |   
3     - X -   -   -     
    | / | \ | / | \ |   
4     -   -   -   - X   
                        
    0   1   2   3   4  
                        
0     - O -   -   -     
    | \ | / | \ | / |   
1     -   -   -   -     
    | / | \ | / | \ |   
2     -   -   -   - O   
    | \ | / | \ | / |   
3     - X -   -   -     
    | / | \ | / | \ |   
4     -   -   - X -     
                        
    0   1   2   3   4  
                        
0     - O -   -   -     
    | \ | / | \ | / |   
1     -   -   - O -     
    | / | \ | / | \ |   
2     -   -   -   -     
    | \ | / | \ | / |   
3     - X -   -   -     
    | / | \ | / | \ |   
4     -   -   - X -     
                        
    0   1   2   3   4  
                        
0     - O -   -   -     
    | \ | / | \ | / |   
1     -   -   - O -     
    | / | \ | / | \ |   
2     -   -   -   -     
    | \ | / | \ | / |   
3     -   -   -   -     
    | / | \ | / | \ |   
4     - X -   - X -     
                        
Invalid
    0   1   2   3   4  
                        
0     -   - O -   -     
    | \ | / | \ | / |   
1     -   -   - O -     
    | / | \ | / | \ |   
2     -   -   -   -     
    | \ | / | \ | / |   
3     -   -   -   -     
    | / | \ | / | \ |   
4     - X -   - X -     
                        
    0   1   2   3   4  
                        
0     -   - O -   -     
    | \ | / | \ | / |   
1     -   -   - O -     
    | / | \ | / | \ |   
2     -   -   -   -     
    | \ | / | \ | / |   
3     -   -   -   -     
    | / | \ | / | \ |   
4     - X -   -   - X   
                        
    0   1   2   3   4  
                        
0     -   - O -   -     
    | \ | / | \ | / |   
1     -   -   -   -     
    | / | \ | / | \ |   
2     -   -   -   - O   
    | \ | / | \ | / |   
3     -   -   -   -     
    | / | \ | / | \ |   
4     - X -   -   - X   
                        
    0   1   2   3   4  
                        
0     -   - O -   -     
    | \ | / | \ | / |   
1     -   -   -   -     
    | / | \ | / | \ |   
2     -   -   -   - O   
    | \ | / | \ | / |   
3     -   -   -   -     
    | / | \ | / | \ |   
4     - X -   - X -     
                        
    0   1   2   3   4  
                        
0     -   - O -   -     
    | \ | / | \ | / |   
1     -   -   -   -     
    | / | \ | / | \ |   
2     -   -   -   -     
    | \ | / | \ | / |   
3     -   -   -   - O   
    | / | \ | / | \ |   
4     - X -   - X -     
                        
    0   1   2   3   4  
                        
0     -   - O -   -     
    | \ | / | \ | / |   
1     -   -   -   -     
    | / | \ | / | \ |   
2     -   -   -   -     
    | \ | / | \ | / |   
3     - X -   -   - O   
    | / | \ | / | \ |   
4     -   -   - X -     
                        
    0   1   2   3   4  
                        
0     -   - O -   -     
    | \ | / | \ | / |   
1     -   -   -   -     
    | / | \ | / | \ |   
2     -   -   -   -     
    | \ | / | \ | / |   
3     - X -   -   -     
    | / | \ | / | \ |   
4     -   -   - X - O   
                        
    0   1   2   3   4  
                        
0     -   - O -   -     
    | \ | / | \ | / |   
1     -   -   -   -     
    | / | \ | / | \ |   
2     -   -   -   -     
    | \ | / | \ | / |   
3     -   - X -   -     
    | / | \ | / | \ |   
4     -   -   - X - O   
                        
    0   1   2   3   4  
                        
0     -   -   -   -     
    | \ | / | \ | / |   
1     - O -   -   -     
    | / | \ | / | \ |   
2     -   -   -   -     
    | \ | / | \ | / |   
3     -   - X -   -     
    | / | \ | / | \ |   
4     -   -   - X -     
                        
    0   1   2   3   4  
                        
0     -   -   -   -     
    | \ | / | \ | / |   
1     - O -   -   -     
    | / | \ | / | \ |   
2     -   -   -   -     
    | \ | / | \ | / |   
3     -   -   -   -     
    | / | \ | / | \ |   
4     -   - X - X -     
                        
    0   1   2   3   4  
                        
0   O -   -   -   -     
    | \ | / | \ | / |   
1     -   -   -   -     
    | / | \ | / | \ |   
2     -   -   -   -     
    | \ | / | \ | / |   
3     -   -   -   -     
    | / | \ | / | \ |   
4     -   - X - X -     
                        
    0   1   2   3   4  
                        
0   O -   -   -   -     
    | \ | / | \ | / |   
1     -   -   -   -     
    | / | \ | / | \ |   
2     -   -   -   -     
    | \ | / | \ | / |   
3     -   - X -   -     
    | / | \ | / | \ |   
4     -   -   - X -     
                        
    0   1   2   3   4  
                        
0     -   -   -   -     
    | \ | / | \ | / |   
1   O -   -   -   -     
    | / | \ | / | \ |   
2     -   -   -   -     
    | \ | / | \ | / |   
3     -   - X -   -     
    | / | \ | / | \ |   
4     -   -   - X -     
                        
    0   1   2   3   4  
                        
0     -   -   -   -     
    | \ | / | \ | / |   
1   O -   -   -   -     
    | / | \ | / | \ |   
2     -   -   -   -     
    | \ | / | \ | / |   
3     -   -   -   -     
    | / | \ | / | \ |   
4     -   - X - X -     
                        
    0   1   2   3   4  
                        
0   O -   -   -   -     
    | \ | / | \ | / |   
1     -   -   -   -     
    | / | \ | / | \ |   
2     -   -   -   -     
    | \ | / | \ | / |   
3     -   -   -   -     
    | / | \ | / | \ |   
4     -   - X - X -     
                        
    0   1   2   3   4  
                        
0   O -   -   -   -     
    | \ | / | \ | / |   
1     -   -   -   -     
    | / | \ | / | \ |   
2     -   -   -   -     
    | \ | / | \ | / |   
3     -   - X -   -     
    | / | \ | / | \ |   
4     -   -   - X -     
                        
    0   1   2   3   4  
                        
0     -   -   -   -     
    | \ | / | \ | / |   
1   O -   -   -   -     
    | / | \ | / | \ |   
2     -   -   -   -     
    | \ | / | \ | / |   
3     -   - X -   -     
    | / | \ | / | \ |   
4     -   -   - X -     
                        
    0   1   2   3   4  
                        
0     -   -   -   -     
    | \ | / | \ | / |   
1   O -   -   -   -     
    | / | \ | / | \ |   
2     -   -   -   -     
    | \ | / | \ | / |   
3     -   -   -   -     
    | / | \ | / | \ |   
4     -   - X - X -     
                        
    0   1   2   3   4  
                        
0   O -   -   -   -     
    | \ | / | \ | / |   
1     -   -   -   -     
    | / | \ | / | \ |   
2     -   -   -   -     
    | \ | / | \ | / |   
3     -   -   -   -     
    | / | \ | / | \ |   
4     -   - X - X -     
                        
Game over: Turn  113 Result  0.0001
    0   1   2   3   4  
                        
0   O -   -   -   -     
    | \ | / | \ | / |   
1     -   -   -   -     
    | / | \ | / | \ |   
2     -   -   -   -     
    | \ | / | \ | / |   
3     -   -   -   -     
    | / | \ | / | \ |   
4     -   - X - X -     
                        
(0, 0, 2)
