12-O  12-X  
8-O  X 3-O  11-X  
11-O  11-X  
4-O  X 6-O  10-X  
4-O  X 5-O  10-X  
4-O  X 5-O  10-X  
4-O  X 4-O  3-X  O 6-X  
4-O  X 4-O  2-X  O 6-X  
4-O  X 4-O  8-X  
4-O  X 3-O  X O 7-X  
4-O  X 3-O  8-X  
3-O  X 4-O  8-X  
X 3-O  X 3-O  7-X  
X 3-O  X 3-O  7-X  
X 3-O  X O X O 6-X  
X 2-O  X 3-O  6-X  
X 2-O  X 3-O  5-X  
X O X 3-O  5-X  
O X 3-O  5-X  
O X O X O 4-X  
2-O  2-X  O 4-X  
2-O  2-X  O 4-X  
2-O  X O 5-X  
2-O  X O 5-X  
3-O  6-X  
3-O  6-X  
3-O  6-X  
3-O  5-X  
3-O  5-X  
3-O  5-X  
3-O  5-X  
3-O  5-X  
3-O  5-X  
3-O  5-X  
3-O  5-X  
3-O  5-X  
3-O  5-X  
3-O  5-X  
3-O  5-X  
3-O  5-X  
2-O  X O 4-X  
2-O  X O 4-X  
2-O  X O 4-X  
2-O  X O 4-X  
2-O  X O 4-X  
2-O  X O 4-X  
2-O  X O 4-X  
2-O  X O 4-X  
2-O  X O 4-X  
2-O  X O 4-X  
2-O  X O 3-X  
2-O  X O 2-X  
2-O  3-X  
2-O  3-X  
2-O  3-X  
2-O  2-X  
2-O  2-X  
2-O  2-X  
2-O  2-X  
2-O  2-X  
2-O  2-X  
2-O  2-X  
2-O  2-X  
2-O  2-X  
2-O  2-X  
2-O  2-X  
O X O X 
O 2-X  O 
O 2-X  O 
O 2-X  
O 2-X  
O 2-X  
O 2-X  
O 2-X  
O 2-X  
O 2-X  
O 2-X  
O 2-X  
O 2-X  
O 2-X  
O 2-X  
(0,0,2)
